::1 - - [17/May/2022:13:42:48 +0400] "POST /clinic/ HTTP/1.1" 200 -
::1 - - [17/May/2022:13:42:50 +0400] "GET /favicon.ico HTTP/1.1" 200 422
::1 - - [17/May/2022:13:42:55 +0400] "GET /phpmyadmin/index.php?route=/sql&server=1&db=root&table=pers_clin&pos=0 HTTP/1.1" 200 5410
::1 - - [17/May/2022:13:42:58 +0400] "GET /phpmyadmin/themes/pmahomme/jquery/jquery-ui.css HTTP/1.1" 304 -
::1 - - [17/May/2022:13:42:58 +0400] "GET /phpmyadmin/js/vendor/codemirror/lib/codemirror.css?v=5.1.3 HTTP/1.1" 304 -
::1 - - [17/May/2022:13:42:58 +0400] "GET /phpmyadmin/js/vendor/codemirror/addon/hint/show-hint.css?v=5.1.3 HTTP/1.1" 304 -
::1 - - [17/May/2022:13:42:58 +0400] "POST /clinic/ HTTP/1.1" 200 -
::1 - - [17/May/2022:13:42:59 +0400] "GET /favicon.ico HTTP/1.1" 200 422
::1 - - [17/May/2022:13:42:59 +0400] "GET /phpmyadmin/js/vendor/codemirror/addon/lint/lint.css?v=5.1.3 HTTP/1.1" 304 -
::1 - - [17/May/2022:13:43:00 +0400] "GET /phpmyadmin/themes/pmahomme/css/theme.css?v=5.1.3&nocache=878747721ltr&server=1 HTTP/1.1" 304 -
::1 - - [17/May/2022:13:43:00 +0400] "GET /phpmyadmin/js/vendor/jquery/jquery-migrate.js?v=5.1.3 HTTP/1.1" 200 25300
::1 - - [17/May/2022:13:43:00 +0400] "GET /phpmyadmin/js/vendor/jquery/jquery.min.js?v=5.1.3 HTTP/1.1" 200 89501
::1 - - [17/May/2022:13:43:00 +0400] "GET /phpmyadmin/js/vendor/sprintf.js?v=5.1.3 HTTP/1.1" 200 7409
::1 - - [17/May/2022:13:43:00 +0400] "GET /phpmyadmin/js/dist/ajax.js?v=5.1.3 HTTP/1.1" 200 31330
::1 - - [17/May/2022:13:43:01 +0400] "GET /phpmyadmin/js/dist/keyhandler.js?v=5.1.3 HTTP/1.1" 200 3003
::1 - - [17/May/2022:13:43:01 +0400] "GET /phpmyadmin/js/vendor/jquery/jquery-ui.min.js?v=5.1.3 HTTP/1.1" 200 253669
::1 - - [17/May/2022:13:43:01 +0400] "GET /phpmyadmin/js/vendor/js.cookie.js?v=5.1.3 HTTP/1.1" 200 3883
::1 - - [17/May/2022:13:43:01 +0400] "GET /phpmyadmin/js/vendor/bootstrap/bootstrap.bundle.min.js?v=5.1.3 HTTP/1.1" 200 83253
::1 - - [17/May/2022:13:43:01 +0400] "GET /phpmyadmin/js/vendor/jquery/jquery.mousewheel.js?v=5.1.3 HTTP/1.1" 200 8267
::1 - - [17/May/2022:13:43:01 +0400] "GET /phpmyadmin/js/vendor/jquery/jquery.validate.js?v=5.1.3 HTTP/1.1" 200 50963
::1 - - [17/May/2022:13:43:01 +0400] "GET /phpmyadmin/js/vendor/jquery/jquery-ui-timepicker-addon.js?v=5.1.3 HTTP/1.1" 200 78475
::1 - - [17/May/2022:13:43:01 +0400] "GET /phpmyadmin/js/vendor/jquery/jquery.ba-hashchange-2.0.js?v=5.1.3 HTTP/1.1" 200 10505
::1 - - [17/May/2022:13:43:01 +0400] "GET /phpmyadmin/js/vendor/jquery/jquery.debounce-1.0.6.js?v=5.1.3 HTTP/1.1" 200 1608
::1 - - [17/May/2022:13:43:01 +0400] "GET /phpmyadmin/js/dist/menu_resizer.js?v=5.1.3 HTTP/1.1" 200 5687
::1 - - [17/May/2022:13:43:01 +0400] "GET /phpmyadmin/js/dist/cross_framing_protection.js?v=5.1.3 HTTP/1.1" 200 419
::1 - - [17/May/2022:13:43:01 +0400] "GET /phpmyadmin/js/dist/rte.js?v=5.1.3 HTTP/1.1" 200 40074
::1 - - [17/May/2022:13:43:01 +0400] "GET /phpmyadmin/js/dist/config.js?v=5.1.3 HTTP/1.1" 200 25448
::1 - - [17/May/2022:13:43:01 +0400] "GET /phpmyadmin/js/dist/doclinks.js?v=5.1.3 HTTP/1.1" 200 18292
::1 - - [17/May/2022:13:43:01 +0400] "GET /phpmyadmin/js/dist/functions.js?v=5.1.3 HTTP/1.1" 200 161208
::1 - - [17/May/2022:13:43:01 +0400] "GET /phpmyadmin/js/messages.php?l=ru&v=5.1.3 HTTP/1.1" 200 12908
::1 - - [17/May/2022:13:43:02 +0400] "GET /phpmyadmin/js/dist/navigation.js?v=5.1.3 HTTP/1.1" 200 54678
::1 - - [17/May/2022:13:43:02 +0400] "GET /phpmyadmin/js/dist/indexes.js?v=5.1.3 HTTP/1.1" 200 26322
::1 - - [17/May/2022:13:43:02 +0400] "GET /phpmyadmin/js/dist/common.js?v=5.1.3 HTTP/1.1" 200 4388
::1 - - [17/May/2022:13:43:02 +0400] "GET /phpmyadmin/js/vendor/codemirror/lib/codemirror.js?v=5.1.3 HTTP/1.1" 200 399842
::1 - - [17/May/2022:13:43:02 +0400] "GET /phpmyadmin/js/dist/page_settings.js?v=5.1.3 HTTP/1.1" 200 1568
::1 - - [17/May/2022:13:43:02 +0400] "GET /phpmyadmin/js/vendor/codemirror/mode/sql/sql.js?v=5.1.3 HTTP/1.1" 200 47998
::1 - - [17/May/2022:13:43:02 +0400] "GET /phpmyadmin/js/vendor/codemirror/addon/runmode/runmode.js?v=5.1.3 HTTP/1.1" 200 2773
::1 - - [17/May/2022:13:43:03 +0400] "GET /clinic HTTP/1.1" 200 422
::1 - - [17/May/2022:13:43:03 +0400] "GET /favicon.ico HTTP/1.1" 200 422
::1 - - [17/May/2022:13:43:04 +0400] "GET /phpmyadmin/js/vendor/codemirror/addon/hint/show-hint.js?v=5.1.3 HTTP/1.1" 200 19979
::1 - - [17/May/2022:13:43:04 +0400] "GET /phpmyadmin/js/vendor/codemirror/addon/hint/sql-hint.js?v=5.1.3 HTTP/1.1" 200 9604
::1 - - [17/May/2022:13:43:05 +0400] "GET /phpmyadmin/js/vendor/codemirror/addon/lint/lint.js?v=5.1.3 HTTP/1.1" 200 9985
::1 - - [17/May/2022:13:43:05 +0400] "GET /phpmyadmin/js/dist/codemirror/addon/lint/sql-lint.js?v=5.1.3 HTTP/1.1" 200 959
::1 - - [17/May/2022:13:43:05 +0400] "GET /phpmyadmin/js/vendor/tracekit.js?v=5.1.3 HTTP/1.1" 200 47128
::1 - - [17/May/2022:13:43:05 +0400] "GET /phpmyadmin/js/dist/error_report.js?v=5.1.3 HTTP/1.1" 200 9664
::1 - - [17/May/2022:13:43:05 +0400] "GET /phpmyadmin/js/dist/drag_drop_import.js?v=5.1.3 HTTP/1.1" 200 12308
::1 - - [17/May/2022:13:43:05 +0400] "GET /phpmyadmin/js/dist/shortcuts_handler.js?v=5.1.3 HTTP/1.1" 200 3326
::1 - - [17/May/2022:13:43:05 +0400] "GET /phpmyadmin/js/dist/console.js?v=5.1.3 HTTP/1.1" 200 49699
::1 - - [17/May/2022:13:43:05 +0400] "GET /phpmyadmin/themes/pmahomme/img/logo_right.png HTTP/1.1" 304 -
::1 - - [17/May/2022:13:43:05 +0400] "GET /phpmyadmin/themes/pmahomme/css/printview.css?v=5.1.3 HTTP/1.1" 304 -
::1 - - [17/May/2022:13:43:06 +0400] "GET /clinic/ HTTP/1.1" 200 4493
::1 - - [17/May/2022:13:43:06 +0400] "GET /clinic/ HTTP/1.1" 200 4493
::1 - - [17/May/2022:13:43:06 +0400] "GET /favicon.ico HTTP/1.1" 200 422
::1 - - [17/May/2022:13:43:07 +0400] "GET /phpmyadmin/themes/pmahomme/img/b_help.png HTTP/1.1" 200 705
::1 - - [17/May/2022:13:43:12 +0400] "POST /clinic/ HTTP/1.1" 200 7262
::1 - - [17/May/2022:13:43:13 +0400] "GET /favicon.ico HTTP/1.1" 200 422
::1 - - [17/May/2022:13:43:23 +0400] "POST /clinic/ HTTP/1.1" 200 4540
::1 - - [17/May/2022:13:43:24 +0400] "GET /favicon.ico HTTP/1.1" 200 422
::1 - - [17/May/2022:13:43:35 +0400] "POST /clinic/ HTTP/1.1" 200 7262
::1 - - [17/May/2022:13:43:36 +0400] "GET /favicon.ico HTTP/1.1" 200 422
::1 - - [17/May/2022:13:43:50 +0400] "POST /clinic/ HTTP/1.1" 200 4540
::1 - - [17/May/2022:13:43:51 +0400] "GET /favicon.ico HTTP/1.1" 200 422
::1 - - [17/May/2022:13:43:53 +0400] "POST /clinic/ HTTP/1.1" 200 7491
::1 - - [17/May/2022:13:43:53 +0400] "GET /favicon.ico HTTP/1.1" 200 422
::1 - - [17/May/2022:13:43:57 +0400] "POST /clinic/ HTTP/1.1" 200 4540
::1 - - [17/May/2022:13:43:58 +0400] "GET /favicon.ico HTTP/1.1" 200 422
::1 - - [17/May/2022:13:43:59 +0400] "POST /clinic/ HTTP/1.1" 200 7262
::1 - - [17/May/2022:13:43:59 +0400] "GET /favicon.ico HTTP/1.1" 200 422
::1 - - [17/May/2022:13:44:10 +0400] "POST /phpmyadmin/index.php?route=/ HTTP/1.1" 200 10743
::1 - - [17/May/2022:13:44:12 +0400] "GET /phpmyadmin/themes/pmahomme/img/logo_left.png HTTP/1.1" 304 -
::1 - - [17/May/2022:13:44:12 +0400] "GET /phpmyadmin/themes/pmahomme/img/left_nav_bg.png HTTP/1.1" 200 146
::1 - - [17/May/2022:13:44:12 +0400] "GET /phpmyadmin/themes/pmahomme/img/b_home.png HTTP/1.1" 200 734
::1 - - [17/May/2022:13:44:12 +0400] "GET /phpmyadmin/themes/pmahomme/img/s_cog.png HTTP/1.1" 200 442
::1 - - [17/May/2022:13:44:12 +0400] "GET /phpmyadmin/themes/pmahomme/img/b_sqlhelp.png HTTP/1.1" 200 512
::1 - - [17/May/2022:13:44:12 +0400] "GET /phpmyadmin/themes/pmahomme/img/s_reload.png HTTP/1.1" 200 527
::1 - - [17/May/2022:13:44:12 +0400] "GET /phpmyadmin/themes/pmahomme/img/s_loggoff.png HTTP/1.1" 200 626
::1 - - [17/May/2022:13:44:12 +0400] "GET /phpmyadmin/themes/pmahomme/img/b_docs.png HTTP/1.1" 200 705
::1 - - [17/May/2022:13:44:12 +0400] "GET /phpmyadmin/themes/pmahomme/img/s_link.png HTTP/1.1" 200 280
::1 - - [17/May/2022:13:44:12 +0400] "GET /phpmyadmin/themes/pmahomme/img/b_newdb.png HTTP/1.1" 200 585
::1 - - [17/May/2022:13:44:12 +0400] "GET /phpmyadmin/themes/pmahomme/img/b_plus.png HTTP/1.1" 200 143
::1 - - [17/May/2022:13:44:12 +0400] "GET /phpmyadmin/themes/pmahomme/img/s_db.png HTTP/1.1" 200 328
::1 - - [17/May/2022:13:44:12 +0400] "GET /phpmyadmin/themes/pmahomme/img/s_host.png HTTP/1.1" 200 591
::1 - - [17/May/2022:13:44:12 +0400] "GET /phpmyadmin/themes/pmahomme/img/b_props.png HTTP/1.1" 200 573
::1 - - [17/May/2022:13:44:12 +0400] "GET /phpmyadmin/themes/pmahomme/img/b_browse.png HTTP/1.1" 200 486
::1 - - [17/May/2022:13:44:12 +0400] "GET /phpmyadmin/themes/pmahomme/img/b_search.png HTTP/1.1" 200 538
::1 - - [17/May/2022:13:44:12 +0400] "GET /phpmyadmin/themes/pmahomme/img/b_sql.png HTTP/1.1" 200 680
::1 - - [17/May/2022:13:44:12 +0400] "GET /phpmyadmin/themes/pmahomme/img/b_insrow.png HTTP/1.1" 200 157
::1 - - [17/May/2022:13:44:12 +0400] "GET /phpmyadmin/themes/pmahomme/img/s_rights.png HTTP/1.1" 200 461
::1 - - [17/May/2022:13:44:12 +0400] "GET /phpmyadmin/themes/pmahomme/img/b_tblops.png HTTP/1.1" 200 537
::1 - - [17/May/2022:13:44:12 +0400] "GET /phpmyadmin/themes/pmahomme/img/b_triggers.png HTTP/1.1" 200 446
::1 - - [17/May/2022:13:44:12 +0400] "GET /phpmyadmin/themes/pmahomme/img/s_top.png HTTP/1.1" 200 220
::1 - - [17/May/2022:13:44:12 +0400] "GET /phpmyadmin/themes/pmahomme/img/console.png HTTP/1.1" 200 292
::1 - - [17/May/2022:13:44:12 +0400] "GET /phpmyadmin/themes/pmahomme/img/window-new.png HTTP/1.1" 200 468
::1 - - [17/May/2022:13:44:13 +0400] "POST /phpmyadmin/index.php?route=/config/get HTTP/1.1" 200 67
::1 - - [17/May/2022:13:44:13 +0400] "GET /phpmyadmin/themes/pmahomme/img/ajax_clock_small.gif HTTP/1.1" 304 -
::1 - - [17/May/2022:13:44:13 +0400] "POST /phpmyadmin/index.php?route=/config/get HTTP/1.1" 200 67
::1 - - [17/May/2022:13:44:13 +0400] "POST /phpmyadmin/index.php?route=/navigation&ajax_request=1 HTTP/1.1" 200 67
::1 - - [17/May/2022:13:44:13 +0400] "GET /phpmyadmin/index.php?route=/recent-table&ajax_request=1&recent_table=1&no_debug=true&_nocache=1652780653509939052&token=33293f464b484e732b6444605f71656d HTTP/1.1" 200 67
::1 - - [17/May/2022:13:44:14 +0400] "POST /phpmyadmin/index.php?route=/config/set HTTP/1.1" 200 67
::1 - - [17/May/2022:13:44:20 +0400] "GET /phpmyadmin/index.php?route=/database/structure&server=1&db=root&ajax_request=true&ajax_page_request=true&_nocache=1652780660382963548&token=33293f464b484e732b6444605f71656d HTTP/1.1" 200 67
::1 - - [17/May/2022:13:44:20 +0400] "GET /phpmyadmin/index.php?route=/database/structure&server=1&db=root HTTP/1.1" 200 5405
::1 - - [17/May/2022:13:44:26 +0400] "POST /phpmyadmin/index.php?route=/ HTTP/1.1" 302 20
::1 - - [17/May/2022:13:44:26 +0400] "GET /phpmyadmin/index.php?route=/&route=%2F&db=root HTTP/1.1" 200 14411
::1 - - [17/May/2022:13:44:28 +0400] "GET /phpmyadmin/themes/pmahomme/css/theme.css?v=5.1.3&nocache=-275152025ltr&server=1 HTTP/1.1" 200 216144
::1 - - [17/May/2022:13:44:28 +0400] "GET /phpmyadmin/js/dist/table/change.js?v=5.1.3 HTTP/1.1" 304 -
::1 - - [17/May/2022:13:44:28 +0400] "GET /phpmyadmin/js/dist/database/structure.js?v=5.1.3 HTTP/1.1" 200 15663
::1 - - [17/May/2022:13:44:28 +0400] "GET /phpmyadmin/themes/pmahomme/img/arrow_ltr.png HTTP/1.1" 304 -
::1 - - [17/May/2022:13:44:28 +0400] "GET /phpmyadmin/themes/pmahomme/img/b_import.png HTTP/1.1" 304 -
::1 - - [17/May/2022:13:44:28 +0400] "GET /phpmyadmin/themes/pmahomme/img/b_routines.png HTTP/1.1" 304 -
::1 - - [17/May/2022:13:44:28 +0400] "GET /phpmyadmin/themes/pmahomme/img/b_events.png HTTP/1.1" 304 -
::1 - - [17/May/2022:13:44:28 +0400] "GET /phpmyadmin/themes/pmahomme/img/b_relations.png HTTP/1.1" 200 140
::1 - - [17/May/2022:13:44:28 +0400] "GET /phpmyadmin/themes/pmahomme/img/b_export.png HTTP/1.1" 304 -
::1 - - [17/May/2022:13:44:28 +0400] "GET /phpmyadmin/themes/pmahomme/img/s_asc.png HTTP/1.1" 200 146
::1 - - [17/May/2022:13:44:28 +0400] "GET /phpmyadmin/themes/pmahomme/img/b_no_favorite.png HTTP/1.1" 200 377
::1 - - [17/May/2022:13:44:28 +0400] "GET /phpmyadmin/themes/pmahomme/img/b_select.png HTTP/1.1" 200 593
::1 - - [17/May/2022:13:44:28 +0400] "GET /phpmyadmin/themes/pmahomme/img/b_empty.png HTTP/1.1" 200 521
::1 - - [17/May/2022:13:44:28 +0400] "GET /phpmyadmin/themes/pmahomme/img/b_drop.png HTTP/1.1" 200 637
::1 - - [17/May/2022:13:44:28 +0400] "GET /phpmyadmin/themes/pmahomme/img/b_tblanalyse.png HTTP/1.1" 200 152
::1 - - [17/May/2022:13:44:28 +0400] "GET /phpmyadmin/themes/pmahomme/img/b_print.png HTTP/1.1" 200 639
::1 - - [17/May/2022:13:44:28 +0400] "GET /phpmyadmin/themes/pmahomme/img/b_table_add.png HTTP/1.1" 200 571
::1 - - [17/May/2022:13:44:29 +0400] "GET /phpmyadmin/themes/pmahomme/img/b_more.png HTTP/1.1" 200 111
::1 - - [17/May/2022:13:44:29 +0400] "POST /phpmyadmin/index.php?route=/config/get HTTP/1.1" 200 1724
::1 - - [17/May/2022:13:44:29 +0400] "POST /phpmyadmin/index.php?route=/navigation&ajax_request=1 HTTP/1.1" 200 2403
::1 - - [17/May/2022:13:44:29 +0400] "POST /phpmyadmin/index.php?route=/config/get HTTP/1.1" 200 1815
::1 - - [17/May/2022:13:44:30 +0400] "POST /phpmyadmin/index.php?route=/navigation&ajax_request=1 HTTP/1.1" 200 2240
::1 - - [17/May/2022:13:44:30 +0400] "GET /phpmyadmin/themes/pmahomme/img/b_minus.png HTTP/1.1" 200 123
::1 - - [17/May/2022:13:44:30 +0400] "POST /phpmyadmin/index.php?route=/config/set HTTP/1.1" 200 1714
::1 - - [17/May/2022:13:44:33 +0400] "GET /phpmyadmin/index.php?route=/sql&server=1&db=root&table=admins&pos=0&ajax_request=true&ajax_page_request=true&_nocache=1652780673394148470&token=3b66487460702b5b7969523e785c7c57 HTTP/1.1" 200 9321
::1 - - [17/May/2022:13:44:34 +0400] "GET /phpmyadmin/index.php?route=/recent-table&ajax_request=1&recent_table=1&no_debug=true&_nocache=1652780674613100201&token=3b66487460702b5b7969523e785c7c57 HTTP/1.1" 200 1771
::1 - - [17/May/2022:13:44:41 +0400] "GET /phpmyadmin/index.php?route=/sql&server=1&db=root&table=clinic&pos=0&ajax_request=true&ajax_page_request=true&_nocache=1652780680967911619&token=3b66487460702b5b7969523e785c7c57 HTTP/1.1" 200 10991
::1 - - [17/May/2022:13:44:42 +0400] "GET /phpmyadmin/index.php?route=/recent-table&ajax_request=1&recent_table=1&no_debug=true&_nocache=1652780682061662225&token=3b66487460702b5b7969523e785c7c57 HTTP/1.1" 200 1784
::1 - - [17/May/2022:13:44:44 +0400] "GET /phpmyadmin/index.php?route=/sql&server=1&db=root&table=personal&pos=0&ajax_request=true&ajax_page_request=true&_nocache=1652780684573983390&token=3b66487460702b5b7969523e785c7c57 HTTP/1.1" 200 11261
::1 - - [17/May/2022:13:44:45 +0400] "GET /phpmyadmin/index.php?route=/recent-table&ajax_request=1&recent_table=1&no_debug=true&_nocache=1652780685549701469&token=3b66487460702b5b7969523e785c7c57 HTTP/1.1" 200 1796
::1 - - [17/May/2022:13:44:46 +0400] "GET /phpmyadmin/index.php?route=/sql&server=1&db=root&table=pers_clin&pos=0&ajax_request=true&ajax_page_request=true&_nocache=1652780686656500331&token=3b66487460702b5b7969523e785c7c57 HTTP/1.1" 200 12448
::1 - - [17/May/2022:13:44:47 +0400] "GET /phpmyadmin/index.php?route=/recent-table&ajax_request=1&recent_table=1&no_debug=true&_nocache=1652780687772607217&token=3b66487460702b5b7969523e785c7c57 HTTP/1.1" 200 1806
::1 - - [17/May/2022:13:45:00 +0400] "GET /personal/ HTTP/1.1" 200 770
::1 - - [17/May/2022:13:45:01 +0400] "GET /favicon.ico HTTP/1.1" 200 422
::1 - - [17/May/2022:13:45:31 +0400] "GET /personal/ HTTP/1.1" 200 770
::1 - - [17/May/2022:13:45:31 +0400] "GET /favicon.ico HTTP/1.1" 200 422
::1 - - [17/May/2022:13:46:09 +0400] "GET /personal/ HTTP/1.1" 200 770
::1 - - [17/May/2022:13:46:09 +0400] "GET /favicon.ico HTTP/1.1" 200 422
::1 - - [17/May/2022:13:46:10 +0400] "GET /personal/ HTTP/1.1" 200 770
::1 - - [17/May/2022:13:46:11 +0400] "GET /favicon.ico HTTP/1.1" 200 422
::1 - - [17/May/2022:13:46:11 +0400] "GET /personal/ HTTP/1.1" 200 770
::1 - - [17/May/2022:13:46:11 +0400] "GET /favicon.ico HTTP/1.1" 200 422
::1 - - [17/May/2022:13:46:17 +0400] "GET /personal/ HTTP/1.1" 200 770
::1 - - [17/May/2022:13:46:18 +0400] "GET /favicon.ico HTTP/1.1" 200 422
::1 - - [17/May/2022:13:46:23 +0400] "POST /clinic/ HTTP/1.1" 200 7262
::1 - - [17/May/2022:13:46:24 +0400] "GET /favicon.ico HTTP/1.1" 200 422
::1 - - [17/May/2022:13:46:34 +0400] "GET /personal/ HTTP/1.1" 200 770
::1 - - [17/May/2022:13:46:35 +0400] "GET /favicon.ico HTTP/1.1" 200 422
::1 - - [17/May/2022:13:47:35 +0400] "GET /personal/ HTTP/1.1" 200 770
::1 - - [17/May/2022:13:47:35 +0400] "GET /favicon.ico HTTP/1.1" 200 422
::1 - - [17/May/2022:13:48:23 +0400] "GET /personal/ HTTP/1.1" 200 4493
::1 - - [17/May/2022:13:48:23 +0400] "GET /favicon.ico HTTP/1.1" 200 422
::1 - - [17/May/2022:13:48:25 +0400] "POST /personal/ HTTP/1.1" 200 4493
::1 - - [17/May/2022:13:48:26 +0400] "GET /favicon.ico HTTP/1.1" 200 422
::1 - - [17/May/2022:13:49:44 +0400] "POST /personal/ HTTP/1.1" 200 4515
::1 - - [17/May/2022:13:49:44 +0400] "GET /favicon.ico HTTP/1.1" 200 422
::1 - - [17/May/2022:13:53:58 +0400] "GET /phpmyadmin/index.php?route=/sql&server=1&db=root&table=admins&pos=0&ajax_request=true&ajax_page_request=true&_nocache=1652781238829538961&token=3b66487460702b5b7969523e785c7c57 HTTP/1.1" 200 9323
::1 - - [17/May/2022:13:54:00 +0400] "GET /phpmyadmin/index.php?route=/recent-table&ajax_request=1&recent_table=1&no_debug=true&_nocache=1652781240261535024&token=3b66487460702b5b7969523e785c7c57 HTTP/1.1" 200 1806
::1 - - [17/May/2022:13:54:03 +0400] "POST /phpmyadmin/index.php HTTP/1.1" 200 5909
::1 - - [17/May/2022:13:54:04 +0400] "GET /phpmyadmin/index.php?route=/recent-table&ajax_request=1&recent_table=1&no_debug=true&_nocache=1652781244144316704&token=3b66487460702b5b7969523e785c7c57 HTTP/1.1" 200 1806
::1 - - [17/May/2022:13:54:04 +0400] "POST /phpmyadmin/index.php?route=/lint HTTP/1.1" 200 28
::1 - - [17/May/2022:13:54:24 +0400] "GET /phpmyadmin/index.php?route=/sql&server=1&db=root&table=admins&pos=0&ajax_request=true&ajax_page_request=true&_nocache=1652781264164813067&token=3b66487460702b5b7969523e785c7c57 HTTP/1.1" 200 9320
::1 - - [17/May/2022:13:54:24 +0400] "GET /phpmyadmin/index.php?route=/recent-table&ajax_request=1&recent_table=1&no_debug=true&_nocache=1652781264972312856&token=3b66487460702b5b7969523e785c7c57 HTTP/1.1" 200 1806
::1 - - [17/May/2022:13:54:50 +0400] "GET /phpmyadmin/index.php?route=/sql&server=1&db=root&table=admins&pos=0&ajax_request=true&ajax_page_request=true&_nocache=1652781290098705342&token=3b66487460702b5b7969523e785c7c57 HTTP/1.1" 200 9322
::1 - - [17/May/2022:13:54:50 +0400] "GET /phpmyadmin/index.php?route=/recent-table&ajax_request=1&recent_table=1&no_debug=true&_nocache=165278129084694844&token=3b66487460702b5b7969523e785c7c57 HTTP/1.1" 200 1806
::1 - - [17/May/2022:13:56:08 +0400] "GET /phpmyadmin/index.php?route=/sql/get-default-fk-check-value&ajax_request=true&server=1&_nocache=1652781368429351662&token=3b66487460702b5b7969523e785c7c57 HTTP/1.1" 200 1745
::1 - - [17/May/2022:13:56:08 +0400] "POST /phpmyadmin/index.php?route=/lint HTTP/1.1" 200 28
::1 - - [17/May/2022:13:56:15 +0400] "POST /phpmyadmin/index.php?route=/database/sql/autocomplete HTTP/1.1" 200 2123
::1 - - [17/May/2022:13:56:16 +0400] "POST /phpmyadmin/index.php?route=/lint HTTP/1.1" 200 292
::1 - - [17/May/2022:13:56:19 +0400] "POST /phpmyadmin/index.php?route=/lint HTTP/1.1" 200 288
::1 - - [17/May/2022:13:56:22 +0400] "POST /phpmyadmin/index.php?route=/lint HTTP/1.1" 200 188
::1 - - [17/May/2022:13:56:24 +0400] "POST /phpmyadmin/index.php?route=/lint HTTP/1.1" 200 183
::1 - - [17/May/2022:13:56:27 +0400] "POST /phpmyadmin/index.php?route=/lint HTTP/1.1" 200 264
::1 - - [17/May/2022:13:56:30 +0400] "POST /phpmyadmin/index.php?route=/lint HTTP/1.1" 200 263
::1 - - [17/May/2022:13:57:04 +0400] "POST /phpmyadmin/index.php?route=/lint HTTP/1.1" 200 279
::1 - - [17/May/2022:13:57:05 +0400] "POST /phpmyadmin/index.php?route=/lint HTTP/1.1" 200 263
::1 - - [17/May/2022:13:57:06 +0400] "POST /phpmyadmin/index.php?route=/lint HTTP/1.1" 200 308
::1 - - [17/May/2022:13:57:08 +0400] "POST /phpmyadmin/index.php?route=/lint HTTP/1.1" 200 263
::1 - - [17/May/2022:13:57:09 +0400] "POST /phpmyadmin/index.php?route=/lint HTTP/1.1" 200 233
::1 - - [17/May/2022:13:57:11 +0400] "POST /phpmyadmin/index.php?route=/lint HTTP/1.1" 200 236
::1 - - [17/May/2022:13:57:14 +0400] "POST /phpmyadmin/index.php?route=/lint HTTP/1.1" 200 284
::1 - - [17/May/2022:13:57:15 +0400] "POST /phpmyadmin/index.php?route=/lint HTTP/1.1" 200 267
::1 - - [17/May/2022:13:57:23 +0400] "POST /phpmyadmin/index.php?route=/lint HTTP/1.1" 200 284
::1 - - [17/May/2022:13:57:30 +0400] "POST /phpmyadmin/index.php?route=/import HTTP/1.1" 200 657
::1 - - [17/May/2022:13:58:03 +0400] "POST /phpmyadmin/index.php?route=/lint HTTP/1.1" 200 28
::1 - - [17/May/2022:13:58:11 +0400] "POST /phpmyadmin/index.php?route=/lint HTTP/1.1" 200 28
::1 - - [17/May/2022:13:58:12 +0400] "POST /phpmyadmin/index.php?route=/lint HTTP/1.1" 200 28
::1 - - [17/May/2022:13:58:13 +0400] "POST /phpmyadmin/index.php?route=/lint HTTP/1.1" 200 28
::1 - - [17/May/2022:13:58:18 +0400] "POST /phpmyadmin/index.php?route=/lint HTTP/1.1" 200 28
::1 - - [17/May/2022:13:58:18 +0400] "POST /phpmyadmin/index.php?route=/lint HTTP/1.1" 200 28
::1 - - [17/May/2022:13:58:19 +0400] "POST /phpmyadmin/index.php?route=/lint HTTP/1.1" 200 28
::1 - - [17/May/2022:13:58:28 +0400] "POST /phpmyadmin/index.php?route=/import HTTP/1.1" 200 2254
::1 - - [17/May/2022:13:58:29 +0400] "GET /phpmyadmin/index.php?route=/recent-table&ajax_request=1&recent_table=1&no_debug=true&_nocache=165278150955631501&token=3b66487460702b5b7969523e785c7c57 HTTP/1.1" 200 1806
::1 - - [17/May/2022:13:58:32 +0400] "GET /phpmyadmin/index.php?route=/sql&server=1&db=root&table=admins&pos=0&ajax_request=true&ajax_page_request=true&_nocache=1652781512750695044&token=3b66487460702b5b7969523e785c7c57 HTTP/1.1" 200 161
::1 - - [17/May/2022:13:58:33 +0400] "GET /phpmyadmin/themes/pmahomme/img/s_error.png HTTP/1.1" 304 -
::1 - - [17/May/2022:13:58:35 +0400] "GET /phpmyadmin/index.php?route=/sql&server=1&db=root&table=clinic&pos=0&ajax_request=true&ajax_page_request=true&_nocache=1652781515817807556&token=3b66487460702b5b7969523e785c7c57 HTTP/1.1" 200 10995
::1 - - [17/May/2022:13:58:36 +0400] "GET /phpmyadmin/index.php?route=/recent-table&ajax_request=1&recent_table=1&no_debug=true&_nocache=165278151684644113&token=3b66487460702b5b7969523e785c7c57 HTTP/1.1" 200 1806
::1 - - [17/May/2022:13:58:39 +0400] "GET /phpmyadmin/index.php?route=/sql&server=1&db=root&table=admins&pos=0&ajax_request=true&ajax_page_request=true&_nocache=1652781519317229909&token=3b66487460702b5b7969523e785c7c57 HTTP/1.1" 200 161
::1 - - [17/May/2022:13:58:43 +0400] "GET /phpmyadmin/index.php?route=/sql&server=1&db=root&table=admins&pos=0&ajax_request=true&ajax_page_request=true&_nocache=1652781523661905254&token=3b66487460702b5b7969523e785c7c57 HTTP/1.1" 200 161
::1 - - [17/May/2022:13:58:49 +0400] "GET /phpmyadmin/index.php?route=/sql&server=1&db=root&table=admins&pos=0&ajax_request=true&ajax_page_request=true&_nocache=1652781529424813157&token=3b66487460702b5b7969523e785c7c57 HTTP/1.1" 200 161
::1 - - [17/May/2022:13:58:56 +0400] "GET /phpmyadmin/index.php?route=/sql&server=1&db=root&table=admins&pos=0 HTTP/1.1" 200 12836
::1 - - [17/May/2022:13:58:57 +0400] "GET /phpmyadmin/themes/pmahomme/css/theme.css?v=5.1.3&nocache=867168847ltr&server=1 HTTP/1.1" 200 216144
::1 - - [17/May/2022:13:58:59 +0400] "POST /phpmyadmin/index.php?route=/config/get HTTP/1.1" 200 1726
::1 - - [17/May/2022:13:58:59 +0400] "POST /phpmyadmin/index.php?route=/navigation&ajax_request=1 HTTP/1.1" 200 2828
::1 - - [17/May/2022:13:58:59 +0400] "POST /phpmyadmin/index.php?route=/config/get HTTP/1.1" 200 1817
::1 - - [17/May/2022:13:58:59 +0400] "GET /phpmyadmin/index.php?route=/recent-table&ajax_request=1&recent_table=1&no_debug=true&_nocache=165278153921360790&token=3b66487460702b5b7969523e785c7c57 HTTP/1.1" 200 1806
::1 - - [17/May/2022:13:59:00 +0400] "GET /phpmyadmin/index.php?route=/database/structure&server=1&db=root&ajax_request=true&ajax_page_request=true&_nocache=1652781540230290268&token=3b66487460702b5b7969523e785c7c57 HTTP/1.1" 200 6606
::1 - - [17/May/2022:13:59:00 +0400] "POST /phpmyadmin/index.php?route=/config/set HTTP/1.1" 200 1716
::1 - - [17/May/2022:13:59:02 +0400] "GET /phpmyadmin/index.php?route=/sql&server=1&db=root&table=admin&pos=0&ajax_request=true&ajax_page_request=true&_nocache=1652781542154614218&token=3b66487460702b5b7969523e785c7c57 HTTP/1.1" 200 9324
::1 - - [17/May/2022:13:59:03 +0400] "GET /phpmyadmin/index.php?route=/recent-table&ajax_request=1&recent_table=1&no_debug=true&_nocache=1652781543060287234&token=3b66487460702b5b7969523e785c7c57 HTTP/1.1" 200 1813
::1 - - [17/May/2022:14:04:42 +0400] "POST /personal/ HTTP/1.1" 200 936
::1 - - [17/May/2022:14:04:43 +0400] "GET /favicon.ico HTTP/1.1" 200 422
::1 - - [17/May/2022:14:05:42 +0400] "-" 408 -
::1 - - [17/May/2022:14:05:48 +0400] "POST /personal/ HTTP/1.1" 200 998
::1 - - [17/May/2022:14:05:48 +0400] "GET /favicon.ico HTTP/1.1" 200 422
::1 - - [17/May/2022:14:06:40 +0400] "GET /personal/ HTTP/1.1" 200 4515
::1 - - [17/May/2022:14:06:41 +0400] "GET /favicon.ico HTTP/1.1" 200 422
::1 - - [17/May/2022:14:06:42 +0400] "POST /personal/ HTTP/1.1" 200 998
::1 - - [17/May/2022:14:06:43 +0400] "GET /favicon.ico HTTP/1.1" 200 422
::1 - - [17/May/2022:14:07:05 +0400] "GET /personal/ HTTP/1.1" 200 4515
::1 - - [17/May/2022:14:07:05 +0400] "GET /favicon.ico HTTP/1.1" 200 422
::1 - - [17/May/2022:14:07:11 +0400] "GET /admin/ HTTP/1.1" 200 2974
::1 - - [17/May/2022:14:07:13 +0400] "GET /admin/ HTTP/1.1" 200 2974
::1 - - [17/May/2022:14:07:14 +0400] "GET /favicon.ico HTTP/1.1" 200 422
::1 - - [17/May/2022:14:07:15 +0400] "POST /admin/ HTTP/1.1" 200 998
::1 - - [17/May/2022:14:07:15 +0400] "GET /favicon.ico HTTP/1.1" 200 422
::1 - - [17/May/2022:14:08:13 +0400] "-" 408 -
::1 - - [17/May/2022:14:08:18 +0400] "GET /admin/ HTTP/1.1" 200 2974
::1 - - [17/May/2022:14:08:19 +0400] "GET /favicon.ico HTTP/1.1" 200 422
::1 - - [17/May/2022:14:08:20 +0400] "POST /admin/ HTTP/1.1" 200 998
::1 - - [17/May/2022:14:08:20 +0400] "GET /favicon.ico HTTP/1.1" 200 422
::1 - - [17/May/2022:14:09:04 +0400] "POST /admin/ HTTP/1.1" 200 998
::1 - - [17/May/2022:14:09:05 +0400] "GET /favicon.ico HTTP/1.1" 200 422
::1 - - [17/May/2022:14:10:04 +0400] "-" 408 -
::1 - - [17/May/2022:14:10:57 +0400] "GET /admin/ HTTP/1.1" 200 2974
::1 - - [17/May/2022:14:10:58 +0400] "GET /favicon.ico HTTP/1.1" 200 422
::1 - - [17/May/2022:14:10:59 +0400] "POST /admin/ HTTP/1.1" 200 2974
::1 - - [17/May/2022:14:10:59 +0400] "GET /favicon.ico HTTP/1.1" 200 422
::1 - - [17/May/2022:14:11:00 +0400] "POST /admin/ HTTP/1.1" 200 2974
::1 - - [17/May/2022:14:11:00 +0400] "GET /favicon.ico HTTP/1.1" 200 422
::1 - - [17/May/2022:14:11:01 +0400] "POST /admin/ HTTP/1.1" 200 2974
::1 - - [17/May/2022:14:11:01 +0400] "GET /favicon.ico HTTP/1.1" 200 422
::1 - - [17/May/2022:14:11:04 +0400] "POST /admin/ HTTP/1.1" 200 2974
::1 - - [17/May/2022:14:11:04 +0400] "GET /favicon.ico HTTP/1.1" 200 422
::1 - - [17/May/2022:14:11:05 +0400] "POST /admin/ HTTP/1.1" 200 2974
::1 - - [17/May/2022:14:11:05 +0400] "GET /favicon.ico HTTP/1.1" 200 422
::1 - - [17/May/2022:14:11:05 +0400] "POST /admin/ HTTP/1.1" 200 2974
::1 - - [17/May/2022:14:11:06 +0400] "GET /favicon.ico HTTP/1.1" 200 422
::1 - - [17/May/2022:14:11:40 +0400] "POST /admin/ HTTP/1.1" 200 18
::1 - - [17/May/2022:14:11:40 +0400] "GET /favicon.ico HTTP/1.1" 200 422
::1 - - [17/May/2022:14:11:49 +0400] "GET /admin/ HTTP/1.1" 200 2974
::1 - - [17/May/2022:14:11:50 +0400] "GET /favicon.ico HTTP/1.1" 200 422
::1 - - [17/May/2022:14:12:49 +0400] "-" 408 -
::1 - - [17/May/2022:14:13:23 +0400] "POST /admin/ HTTP/1.1" 200 -
::1 - - [17/May/2022:14:13:23 +0400] "GET /favicon.ico HTTP/1.1" 200 422
::1 - - [17/May/2022:14:13:26 +0400] "GET /admin/ HTTP/1.1" 200 2974
::1 - - [17/May/2022:14:13:26 +0400] "GET /favicon.ico HTTP/1.1" 200 422
::1 - - [17/May/2022:14:13:40 +0400] "POST /admin/ HTTP/1.1" 200 18
::1 - - [17/May/2022:14:13:40 +0400] "GET /favicon.ico HTTP/1.1" 200 422
::1 - - [17/May/2022:14:13:43 +0400] "GET /admin/ HTTP/1.1" 200 2974
::1 - - [17/May/2022:14:13:43 +0400] "GET /favicon.ico HTTP/1.1" 200 422
::1 - - [17/May/2022:14:14:40 +0400] "-" 408 -
::1 - - [17/May/2022:14:15:09 +0400] "POST /admin/ HTTP/1.1" 200 -
::1 - - [17/May/2022:14:15:10 +0400] "GET /favicon.ico HTTP/1.1" 200 422
::1 - - [17/May/2022:14:15:12 +0400] "GET /admin/ HTTP/1.1" 200 2974
::1 - - [17/May/2022:14:15:12 +0400] "GET /favicon.ico HTTP/1.1" 200 422
::1 - - [17/May/2022:14:15:22 +0400] "POST /admin/ HTTP/1.1" 200 -
::1 - - [17/May/2022:14:15:22 +0400] "GET /favicon.ico HTTP/1.1" 200 422
::1 - - [17/May/2022:14:15:25 +0400] "GET /admin/ HTTP/1.1" 200 2974
::1 - - [17/May/2022:14:15:25 +0400] "GET /favicon.ico HTTP/1.1" 200 422
::1 - - [17/May/2022:14:16:01 +0400] "POST /admin/ HTTP/1.1" 200 -
::1 - - [17/May/2022:14:16:01 +0400] "GET /favicon.ico HTTP/1.1" 200 422
::1 - - [17/May/2022:14:16:03 +0400] "GET /admin/ HTTP/1.1" 200 2974
::1 - - [17/May/2022:14:16:03 +0400] "GET /favicon.ico HTTP/1.1" 200 422
::1 - - [17/May/2022:14:16:05 +0400] "POST /admin/ HTTP/1.1" 200 18
::1 - - [17/May/2022:14:16:05 +0400] "GET /favicon.ico HTTP/1.1" 200 422
::1 - - [17/May/2022:14:16:08 +0400] "GET /admin/ HTTP/1.1" 200 2974
::1 - - [17/May/2022:14:16:08 +0400] "GET /favicon.ico HTTP/1.1" 200 422
::1 - - [17/May/2022:14:17:01 +0400] "-" 408 -
::1 - - [17/May/2022:14:17:07 +0400] "POST /admin/ HTTP/1.1" 200 18
::1 - - [17/May/2022:14:17:07 +0400] "GET /favicon.ico HTTP/1.1" 200 422
::1 - - [17/May/2022:14:17:09 +0400] "GET /admin/ HTTP/1.1" 200 2974
::1 - - [17/May/2022:14:17:09 +0400] "GET /favicon.ico HTTP/1.1" 200 422
::1 - - [17/May/2022:14:17:24 +0400] "POST /admin/ HTTP/1.1" 200 3840
::1 - - [17/May/2022:14:17:24 +0400] "GET /favicon.ico HTTP/1.1" 200 422
::1 - - [17/May/2022:14:18:24 +0400] "-" 408 -
::1 - - [17/May/2022:14:21:55 +0400] "POST /admin/ HTTP/1.1" 200 3840
::1 - - [17/May/2022:14:21:55 +0400] "GET /favicon.ico HTTP/1.1" 200 422
::1 - - [17/May/2022:14:22:02 +0400] "GET /clinic/ HTTP/1.1" 200 4493
::1 - - [17/May/2022:14:22:03 +0400] "GET /clinic/ HTTP/1.1" 200 4493
::1 - - [17/May/2022:14:22:03 +0400] "GET /favicon.ico HTTP/1.1" 200 422
::1 - - [17/May/2022:14:22:05 +0400] "POST /clinic/ HTTP/1.1" 200 7262
::1 - - [17/May/2022:14:22:05 +0400] "GET /favicon.ico HTTP/1.1" 200 422
::1 - - [17/May/2022:14:22:12 +0400] "GET /personal/ HTTP/1.1" 200 4515
::1 - - [17/May/2022:14:22:13 +0400] "GET /personal/ HTTP/1.1" 200 4515
::1 - - [17/May/2022:14:22:13 +0400] "GET /favicon.ico HTTP/1.1" 200 422
::1 - - [17/May/2022:14:22:27 +0400] "POST /personal/ HTTP/1.1" 200 37623
::1 - - [17/May/2022:14:22:27 +0400] "GET /favicon.ico HTTP/1.1" 200 422
::1 - - [17/May/2022:14:22:58 +0400] "POST /phpmyadmin/index.php?route=/ HTTP/1.1" 200 1750
::1 - - [17/May/2022:14:24:20 +0400] "POST /personal/ HTTP/1.1" 200 12881
::1 - - [17/May/2022:14:24:21 +0400] "GET /favicon.ico HTTP/1.1" 200 422
::1 - - [17/May/2022:14:25:20 +0400] "-" 408 -
::1 - - [17/May/2022:14:26:26 +0400] "POST /personal/ HTTP/1.1" 200 -
::1 - - [17/May/2022:14:26:26 +0400] "GET /favicon.ico HTTP/1.1" 200 422
::1 - - [17/May/2022:14:27:15 +0400] "GET /phpmyadmin/index.php?route=/sql/get-default-fk-check-value&ajax_request=true&server=1&_nocache=1652783235274582274&token=3b66487460702b5b7969523e785c7c57 HTTP/1.1" 200 1745
::1 - - [17/May/2022:14:27:15 +0400] "POST /phpmyadmin/index.php?route=/lint HTTP/1.1" 200 28
::1 - - [17/May/2022:14:27:17 +0400] "GET /phpmyadmin/themes/pmahomme/img/s_unlink.png HTTP/1.1" 200 589
::1 - - [17/May/2022:14:27:17 +0400] "POST /phpmyadmin/index.php?route=/database/sql/autocomplete HTTP/1.1" 200 2122
::1 - - [17/May/2022:14:27:18 +0400] "POST /phpmyadmin/index.php?route=/lint HTTP/1.1" 200 402
::1 - - [17/May/2022:14:27:21 +0400] "POST /phpmyadmin/index.php?route=/lint HTTP/1.1" 200 404
::1 - - [17/May/2022:14:27:24 +0400] "POST /phpmyadmin/index.php?route=/lint HTTP/1.1" 200 353
::1 - - [17/May/2022:14:27:30 +0400] "POST /phpmyadmin/index.php?route=/lint HTTP/1.1" 200 402
::1 - - [17/May/2022:14:27:31 +0400] "POST /phpmyadmin/index.php?route=/lint HTTP/1.1" 200 28
::1 - - [17/May/2022:14:27:36 +0400] "POST /phpmyadmin/index.php?route=/import HTTP/1.1" 200 633
::1 - - [17/May/2022:14:27:45 +0400] "POST /phpmyadmin/index.php?route=/lint HTTP/1.1" 200 269
::1 - - [17/May/2022:14:27:47 +0400] "POST /phpmyadmin/index.php?route=/lint HTTP/1.1" 200 256
::1 - - [17/May/2022:14:27:48 +0400] "POST /phpmyadmin/index.php?route=/lint HTTP/1.1" 200 345
::1 - - [17/May/2022:14:27:50 +0400] "POST /phpmyadmin/index.php?route=/lint HTTP/1.1" 200 28
::1 - - [17/May/2022:14:27:53 +0400] "POST /phpmyadmin/index.php?route=/lint HTTP/1.1" 200 28
::1 - - [17/May/2022:14:28:13 +0400] "POST /phpmyadmin/index.php?route=/import HTTP/1.1" 200 7865
::1 - - [17/May/2022:14:28:14 +0400] "GET /phpmyadmin/themes/pmahomme/img/s_notice.png HTTP/1.1" 200 567
::1 - - [17/May/2022:14:28:14 +0400] "GET /phpmyadmin/index.php?route=/recent-table&ajax_request=1&recent_table=1&no_debug=true&_nocache=1652783294630484072&token=3b66487460702b5b7969523e785c7c57 HTTP/1.1" 200 1813
::1 - - [17/May/2022:14:28:32 +0400] "GET /phpmyadmin/index.php?route=/table/sql&db=root&table=admin&ajax_request=true&ajax_page_request=true&_nocache=1652783312362670005&token=3b66487460702b5b7969523e785c7c57 HTTP/1.1" 200 5916
::1 - - [17/May/2022:14:28:33 +0400] "GET /phpmyadmin/index.php?route=/recent-table&ajax_request=1&recent_table=1&no_debug=true&_nocache=1652783313157954411&token=3b66487460702b5b7969523e785c7c57 HTTP/1.1" 200 1813
::1 - - [17/May/2022:14:28:33 +0400] "POST /phpmyadmin/index.php?route=/lint HTTP/1.1" 200 28
::1 - - [17/May/2022:14:28:35 +0400] "POST /phpmyadmin/index.php?route=/database/sql/autocomplete HTTP/1.1" 200 2122
::1 - - [17/May/2022:14:28:36 +0400] "POST /phpmyadmin/index.php?route=/lint HTTP/1.1" 200 28
::1 - - [17/May/2022:14:29:30 +0400] "POST /phpmyadmin/index.php?route=/lint HTTP/1.1" 200 183
::1 - - [17/May/2022:14:29:50 +0400] "POST /phpmyadmin/index.php?route=/lint HTTP/1.1" 200 183
::1 - - [17/May/2022:14:29:55 +0400] "POST /phpmyadmin/index.php?route=/lint HTTP/1.1" 200 181
::1 - - [17/May/2022:14:30:00 +0400] "POST /phpmyadmin/index.php?route=/import HTTP/1.1" 200 776
::1 - - [17/May/2022:14:30:14 +0400] "POST /phpmyadmin/index.php?route=/lint HTTP/1.1" 200 28
::1 - - [17/May/2022:14:30:16 +0400] "POST /phpmyadmin/index.php?route=/lint HTTP/1.1" 200 28
::1 - - [17/May/2022:14:30:18 +0400] "POST /phpmyadmin/index.php?route=/import HTTP/1.1" 200 633
::1 - - [17/May/2022:14:30:26 +0400] "POST /phpmyadmin/index.php?route=/lint HTTP/1.1" 200 28
::1 - - [17/May/2022:14:30:27 +0400] "POST /phpmyadmin/index.php?route=/lint HTTP/1.1" 200 181
::1 - - [17/May/2022:14:30:31 +0400] "POST /phpmyadmin/index.php?route=/lint HTTP/1.1" 200 184
::1 - - [17/May/2022:14:30:33 +0400] "POST /phpmyadmin/index.php?route=/lint HTTP/1.1" 200 184
::1 - - [17/May/2022:14:30:34 +0400] "POST /phpmyadmin/index.php?route=/lint HTTP/1.1" 200 184
::1 - - [17/May/2022:14:30:35 +0400] "POST /phpmyadmin/index.php?route=/import HTTP/1.1" 200 776
::1 - - [17/May/2022:14:30:45 +0400] "POST /phpmyadmin/index.php?route=/lint HTTP/1.1" 200 184
::1 - - [17/May/2022:14:30:47 +0400] "POST /phpmyadmin/index.php?route=/import HTTP/1.1" 200 777
::1 - - [17/May/2022:14:30:57 +0400] "POST /phpmyadmin/index.php?route=/lint HTTP/1.1" 200 28
::1 - - [17/May/2022:14:30:59 +0400] "POST /phpmyadmin/index.php?route=/import HTTP/1.1" 200 4983
::1 - - [17/May/2022:14:31:49 +0400] "GET /persona/ HTTP/1.1" 200 422
::1 - - [17/May/2022:14:31:50 +0400] "GET /favicon.ico HTTP/1.1" 200 422
::1 - - [17/May/2022:14:31:59 +0400] "GET /personal/ HTTP/1.1" 200 4503
::1 - - [17/May/2022:14:32:00 +0400] "GET /personal/ HTTP/1.1" 200 4503
::1 - - [17/May/2022:14:32:00 +0400] "GET /favicon.ico HTTP/1.1" 200 422
::1 - - [17/May/2022:14:32:02 +0400] "POST /personal/ HTTP/1.1" 200 5431
::1 - - [17/May/2022:14:32:02 +0400] "GET /favicon.ico HTTP/1.1" 200 422
::1 - - [17/May/2022:14:32:37 +0400] "POST /personal/ HTTP/1.1" 200 -
::1 - - [17/May/2022:14:32:37 +0400] "GET /favicon.ico HTTP/1.1" 200 422
::1 - - [17/May/2022:14:32:56 +0400] "GET /personal/ HTTP/1.1" 200 4503
::1 - - [17/May/2022:14:32:57 +0400] "GET /favicon.ico HTTP/1.1" 200 422
::1 - - [17/May/2022:14:32:58 +0400] "POST /personal/ HTTP/1.1" 200 -
::1 - - [17/May/2022:14:32:58 +0400] "GET /favicon.ico HTTP/1.1" 200 422
::1 - - [17/May/2022:14:33:23 +0400] "GET /personal/ HTTP/1.1" 200 4503
::1 - - [17/May/2022:14:33:24 +0400] "GET /favicon.ico HTTP/1.1" 200 422
::1 - - [17/May/2022:14:33:25 +0400] "POST /personal/ HTTP/1.1" 200 5439
::1 - - [17/May/2022:14:33:25 +0400] "GET /favicon.ico HTTP/1.1" 200 422
::1 - - [17/May/2022:14:34:23 +0400] "-" 408 -
::1 - - [17/May/2022:14:36:47 +0400] "POST /personal/ HTTP/1.1" 200 8451
::1 - - [17/May/2022:14:36:48 +0400] "GET /favicon.ico HTTP/1.1" 200 422
::1 - - [17/May/2022:14:37:47 +0400] "-" 408 -
::1 - - [17/May/2022:14:43:13 +0400] "POST /personal/ HTTP/1.1" 200 8464
::1 - - [17/May/2022:14:43:14 +0400] "GET /favicon.ico HTTP/1.1" 200 422
::1 - - [17/May/2022:14:43:52 +0400] "POST /personal/ HTTP/1.1" 200 8464
::1 - - [17/May/2022:14:43:53 +0400] "GET /favicon.ico HTTP/1.1" 200 422
::1 - - [17/May/2022:14:44:52 +0400] "-" 408 -
::1 - - [17/May/2022:14:49:08 +0400] "POST /personal/ HTTP/1.1" 200 8533
::1 - - [17/May/2022:14:49:08 +0400] "GET /favicon.ico HTTP/1.1" 200 422
::1 - - [17/May/2022:14:49:34 +0400] "POST /personal/ HTTP/1.1" 200 8533
::1 - - [17/May/2022:14:49:34 +0400] "GET /favicon.ico HTTP/1.1" 200 422
::1 - - [17/May/2022:14:50:34 +0400] "-" 408 -
::1 - - [17/May/2022:14:52:28 +0400] "POST /phpmyadmin/index.php?route=/ HTTP/1.1" 200 1750
::1 - - [17/May/2022:15:00:26 +0400] "POST /personal/ HTTP/1.1" 200 469
::1 - - [17/May/2022:15:00:27 +0400] "GET /favicon.ico HTTP/1.1" 200 422
::1 - - [17/May/2022:15:01:26 +0400] "-" 408 -
::1 - - [17/May/2022:15:01:39 +0400] "GET /personal/ HTTP/1.1" 200 4582
::1 - - [17/May/2022:15:01:40 +0400] "GET /favicon.ico HTTP/1.1" 200 422
::1 - - [17/May/2022:15:01:41 +0400] "POST /personal/ HTTP/1.1" 200 8530
::1 - - [17/May/2022:15:01:42 +0400] "GET /favicon.ico HTTP/1.1" 200 422
::1 - - [17/May/2022:15:02:16 +0400] "POST /personal/ HTTP/1.1" 200 -
::1 - - [17/May/2022:15:02:16 +0400] "GET /favicon.ico HTTP/1.1" 200 422
::1 - - [17/May/2022:15:02:27 +0400] "GET /personal/ HTTP/1.1" 200 4582
::1 - - [17/May/2022:15:02:27 +0400] "GET /favicon.ico HTTP/1.1" 200 422
::1 - - [17/May/2022:15:02:28 +0400] "POST /personal/ HTTP/1.1" 200 8530
::1 - - [17/May/2022:15:02:29 +0400] "GET /favicon.ico HTTP/1.1" 200 422
::1 - - [17/May/2022:15:03:06 +0400] "POST /personal/ HTTP/1.1" 200 -
::1 - - [17/May/2022:15:03:07 +0400] "GET /favicon.ico HTTP/1.1" 200 422
::1 - - [17/May/2022:15:03:11 +0400] "GET /personal/ HTTP/1.1" 200 4582
::1 - - [17/May/2022:15:03:12 +0400] "GET /favicon.ico HTTP/1.1" 200 422
::1 - - [17/May/2022:15:03:13 +0400] "POST /personal/ HTTP/1.1" 200 8530
::1 - - [17/May/2022:15:03:13 +0400] "GET /favicon.ico HTTP/1.1" 200 422
::1 - - [17/May/2022:15:03:25 +0400] "GET /phpmyadmin/index.php?route=/sql&server=1&db=root&table=personal&pos=0&ajax_request=true&ajax_page_request=true&_nocache=1652785405583918393&token=3b66487460702b5b7969523e785c7c57 HTTP/1.1" 200 11262
::1 - - [17/May/2022:15:03:26 +0400] "GET /phpmyadmin/index.php?route=/recent-table&ajax_request=1&recent_table=1&no_debug=true&_nocache=1652785406722355095&token=3b66487460702b5b7969523e785c7c57 HTTP/1.1" 200 1813
::1 - - [17/May/2022:15:04:55 +0400] "POST /personal/ HTTP/1.1" 200 8530
::1 - - [17/May/2022:15:04:55 +0400] "GET /favicon.ico HTTP/1.1" 200 422
::1 - - [17/May/2022:15:05:51 +0400] "POST /personal/ HTTP/1.1" 200 686
::1 - - [17/May/2022:15:05:52 +0400] "GET /favicon.ico HTTP/1.1" 200 422
::1 - - [17/May/2022:15:05:56 +0400] "GET /personal/ HTTP/1.1" 200 4582
::1 - - [17/May/2022:15:05:57 +0400] "GET /favicon.ico HTTP/1.1" 200 422
::1 - - [17/May/2022:15:06:12 +0400] "POST /personal/ HTTP/1.1" 200 -
::1 - - [17/May/2022:15:06:12 +0400] "GET /favicon.ico HTTP/1.1" 200 422
::1 - - [17/May/2022:15:06:14 +0400] "GET /personal/ HTTP/1.1" 200 4582
::1 - - [17/May/2022:15:06:14 +0400] "GET /favicon.ico HTTP/1.1" 200 422
::1 - - [17/May/2022:15:06:18 +0400] "POST /personal/ HTTP/1.1" 200 -
::1 - - [17/May/2022:15:06:18 +0400] "GET /favicon.ico HTTP/1.1" 200 422
::1 - - [17/May/2022:15:06:20 +0400] "GET /personal/ HTTP/1.1" 200 4582
::1 - - [17/May/2022:15:06:21 +0400] "GET /favicon.ico HTTP/1.1" 200 422
::1 - - [17/May/2022:15:06:26 +0400] "GET /phpmyadmin/index.php?route=/sql&server=1&db=root&table=personal&pos=0&ajax_request=true&ajax_page_request=true&_nocache=165278558682654950&token=3b66487460702b5b7969523e785c7c57 HTTP/1.1" 200 11255
::1 - - [17/May/2022:15:06:27 +0400] "GET /phpmyadmin/index.php?route=/recent-table&ajax_request=1&recent_table=1&no_debug=true&_nocache=1652785587863380380&token=3b66487460702b5b7969523e785c7c57 HTTP/1.1" 200 1813
::1 - - [17/May/2022:15:06:42 +0400] "POST /phpmyadmin/index.php?route=/table/change/rows HTTP/1.1" 200 90
::1 - - [17/May/2022:15:06:48 +0400] "POST /phpmyadmin/index.php HTTP/1.1" 200 5965
::1 - - [17/May/2022:15:06:49 +0400] "GET /phpmyadmin/index.php?route=/recent-table&ajax_request=1&recent_table=1&no_debug=true&_nocache=1652785609080549476&token=3b66487460702b5b7969523e785c7c57 HTTP/1.1" 200 1813
::1 - - [17/May/2022:15:06:49 +0400] "POST /phpmyadmin/index.php?route=/lint HTTP/1.1" 200 28
::1 - - [17/May/2022:15:06:53 +0400] "POST /phpmyadmin/index.php?route=/lint HTTP/1.1" 200 28
::1 - - [17/May/2022:15:08:44 +0400] "POST /personal/ HTTP/1.1" 200 4582
::1 - - [17/May/2022:15:08:45 +0400] "GET /favicon.ico HTTP/1.1" 200 422
::1 - - [17/May/2022:15:08:49 +0400] "POST /personal/ HTTP/1.1" 200 8843
::1 - - [17/May/2022:15:08:50 +0400] "GET /favicon.ico HTTP/1.1" 200 422
::1 - - [17/May/2022:15:08:51 +0400] "POST /personal/ HTTP/1.1" 200 8843
::1 - - [17/May/2022:15:08:51 +0400] "GET /favicon.ico HTTP/1.1" 200 422
::1 - - [17/May/2022:15:09:44 +0400] "-" 408 -
::1 - - [17/May/2022:15:10:26 +0400] "POST /personal/ HTTP/1.1" 200 4582
::1 - - [17/May/2022:15:10:26 +0400] "GET /favicon.ico HTTP/1.1" 200 422
::1 - - [17/May/2022:15:10:28 +0400] "POST /personal/ HTTP/1.1" 200 9153
::1 - - [17/May/2022:15:10:28 +0400] "GET /favicon.ico HTTP/1.1" 200 422
::1 - - [17/May/2022:15:11:26 +0400] "-" 408 -
::1 - - [17/May/2022:15:14:57 +0400] "POST /personal/ HTTP/1.1" 200 4582
::1 - - [17/May/2022:15:14:57 +0400] "GET /favicon.ico HTTP/1.1" 200 422
::1 - - [17/May/2022:15:15:00 +0400] "POST /personal/ HTTP/1.1" 200 9477
::1 - - [17/May/2022:15:15:00 +0400] "GET /favicon.ico HTTP/1.1" 200 422
::1 - - [17/May/2022:15:15:57 +0400] "-" 408 -
::1 - - [17/May/2022:15:16:21 +0400] "POST /personal/ HTTP/1.1" 200 177
::1 - - [17/May/2022:15:16:21 +0400] "GET /favicon.ico HTTP/1.1" 200 422
::1 - - [17/May/2022:15:16:44 +0400] "POST /personal/ HTTP/1.1" 200 4582
::1 - - [17/May/2022:15:16:45 +0400] "GET /favicon.ico HTTP/1.1" 200 422
::1 - - [17/May/2022:15:16:46 +0400] "POST /personal/ HTTP/1.1" 200 9482
::1 - - [17/May/2022:15:16:46 +0400] "GET /favicon.ico HTTP/1.1" 200 422
::1 - - [17/May/2022:15:17:44 +0400] "-" 408 -
::1 - - [17/May/2022:15:25:19 +0400] "POST /personal/ HTTP/1.1" 200 4582
::1 - - [17/May/2022:15:25:19 +0400] "GET /favicon.ico HTTP/1.1" 200 422
::1 - - [17/May/2022:15:25:21 +0400] "POST /personal/ HTTP/1.1" 200 9479
::1 - - [17/May/2022:15:25:21 +0400] "GET /favicon.ico HTTP/1.1" 200 422
::1 - - [17/May/2022:15:26:19 +0400] "-" 408 -
::1 - - [17/May/2022:15:28:13 +0400] "POST /personal/ HTTP/1.1" 200 4582
::1 - - [17/May/2022:15:28:14 +0400] "GET /favicon.ico HTTP/1.1" 200 422
::1 - - [17/May/2022:15:28:16 +0400] "POST /personal/ HTTP/1.1" 200 9740
::1 - - [17/May/2022:15:28:17 +0400] "GET /favicon.ico HTTP/1.1" 200 422
::1 - - [17/May/2022:15:28:23 +0400] "POST /personal/ HTTP/1.1" 200 4582
::1 - - [17/May/2022:15:28:24 +0400] "GET /favicon.ico HTTP/1.1" 200 422
::1 - - [17/May/2022:15:28:25 +0400] "POST /personal/ HTTP/1.1" 200 9479
::1 - - [17/May/2022:15:28:25 +0400] "GET /favicon.ico HTTP/1.1" 200 422
::1 - - [17/May/2022:15:28:34 +0400] "POST /personal/ HTTP/1.1" 200 9479
::1 - - [17/May/2022:15:28:34 +0400] "GET /favicon.ico HTTP/1.1" 200 422
::1 - - [17/May/2022:15:28:56 +0400] "POST /personal/ HTTP/1.1" 200 9479
::1 - - [17/May/2022:15:28:56 +0400] "GET /favicon.ico HTTP/1.1" 200 422
::1 - - [17/May/2022:15:29:56 +0400] "-" 408 -
::1 - - [17/May/2022:15:30:44 +0400] "POST /phpmyadmin/index.php?route=/ HTTP/1.1" 200 1750
::1 - - [17/May/2022:15:38:04 +0400] "POST /personal/ HTTP/1.1" 200 9767
::1 - - [17/May/2022:15:38:05 +0400] "GET /project/webroot/tailwind.min.css HTTP/1.1" 200 2925627
::1 - - [17/May/2022:15:38:06 +0400] "GET /favicon.ico HTTP/1.1" 200 730
::1 - - [17/May/2022:15:38:16 +0400] "POST /personal/ HTTP/1.1" 200 9767
::1 - - [17/May/2022:15:38:16 +0400] "GET /favicon.ico HTTP/1.1" 200 730
::1 - - [17/May/2022:15:38:26 +0400] "GET /%D1%84%D0%BD%D0%B5%D1%80/ HTTP/1.1" 200 730
::1 - - [17/May/2022:15:38:27 +0400] "GET /favicon.ico HTTP/1.1" 200 730
::1 - - [17/May/2022:15:38:37 +0400] "GET /auth/ HTTP/1.1" 200 1751
::1 - - [17/May/2022:15:38:38 +0400] "GET /auth/ HTTP/1.1" 200 1751
::1 - - [17/May/2022:15:38:38 +0400] "GET /favicon.ico HTTP/1.1" 200 730
::1 - - [17/May/2022:15:38:47 +0400] "POST /auth/ HTTP/1.1" 302 2458
::1 - - [17/May/2022:15:38:47 +0400] "GET /admin/ HTTP/1.1" 200 3930
::1 - - [17/May/2022:15:38:47 +0400] "GET /favicon.ico HTTP/1.1" 200 1386
::1 - - [17/May/2022:15:38:55 +0400] "GET /clinic/admin/ HTTP/1.1" 200 1386
::1 - - [17/May/2022:15:38:56 +0400] "GET /favicon.ico HTTP/1.1" 200 1386
::1 - - [17/May/2022:15:39:01 +0400] "GET /admin/ HTTP/1.1" 200 3930
::1 - - [17/May/2022:15:39:02 +0400] "GET /favicon.ico HTTP/1.1" 200 1386
::1 - - [17/May/2022:15:39:55 +0400] "-" 408 -
::1 - - [17/May/2022:15:41:08 +0400] "GET /clinic/admin/ HTTP/1.1" 200 1365
::1 - - [17/May/2022:15:41:08 +0400] "GET /favicon.ico HTTP/1.1" 200 1365
::1 - - [17/May/2022:15:41:10 +0400] "GET /clinic/admin/ HTTP/1.1" 200 1365
::1 - - [17/May/2022:15:41:10 +0400] "GET /favicon.ico HTTP/1.1" 200 1365
::1 - - [17/May/2022:15:41:11 +0400] "GET /admin/ HTTP/1.1" 302 3909
::1 - - [17/May/2022:15:41:12 +0400] "GET /auth/ HTTP/1.1" 302 2386
::1 - - [17/May/2022:15:41:12 +0400] "GET /home/ HTTP/1.1" 200 1365
::1 - - [17/May/2022:15:41:12 +0400] "GET /favicon.ico HTTP/1.1" 200 1365
::1 - - [17/May/2022:15:41:14 +0400] "GET /clinic/ HTTP/1.1" 302 5414
::1 - - [17/May/2022:15:41:14 +0400] "GET /auth/ HTTP/1.1" 302 2386
::1 - - [17/May/2022:15:41:14 +0400] "GET /home/ HTTP/1.1" 200 1365
::1 - - [17/May/2022:15:41:14 +0400] "GET /favicon.ico HTTP/1.1" 200 1365
::1 - - [17/May/2022:15:41:16 +0400] "GET /personal/ HTTP/1.1" 302 5505
::1 - - [17/May/2022:15:41:16 +0400] "GET /auth/ HTTP/1.1" 302 2386
::1 - - [17/May/2022:15:41:16 +0400] "GET /home/ HTTP/1.1" 200 1365
::1 - - [17/May/2022:15:41:17 +0400] "GET /favicon.ico HTTP/1.1" 200 1365
::1 - - [17/May/2022:15:41:49 +0400] "GET /auth/ HTTP/1.1" 302 2386
::1 - - [17/May/2022:15:41:49 +0400] "GET /home/ HTTP/1.1" 200 1365
::1 - - [17/May/2022:15:41:50 +0400] "GET /favicon.ico HTTP/1.1" 200 1365
::1 - - [17/May/2022:15:42:00 +0400] "POST /home/ HTTP/1.1" 302 730
::1 - - [17/May/2022:15:42:00 +0400] "GET /auth/ HTTP/1.1" 200 1751
::1 - - [17/May/2022:15:42:00 +0400] "GET /favicon.ico HTTP/1.1" 200 730
::1 - - [17/May/2022:15:42:10 +0400] "POST /auth/ HTTP/1.1" 200 1802
::1 - - [17/May/2022:15:42:10 +0400] "GET /favicon.ico HTTP/1.1" 200 730
::1 - - [17/May/2022:15:43:10 +0400] "-" 408 -
::1 - - [17/May/2022:15:43:25 +0400] "POST /auth/ HTTP/1.1" 302 2437
::1 - - [17/May/2022:15:43:25 +0400] "GET /admin/ HTTP/1.1" 302 3909
::1 - - [17/May/2022:15:43:25 +0400] "GET /auth/ HTTP/1.1" 302 2386
::1 - - [17/May/2022:15:43:25 +0400] "GET /home/ HTTP/1.1" 200 1365
::1 - - [17/May/2022:15:43:26 +0400] "GET /favicon.ico HTTP/1.1" 200 1365
::1 - - [17/May/2022:15:44:13 +0400] "GET /home/ HTTP/1.1" 200 1365
::1 - - [17/May/2022:15:44:14 +0400] "GET /favicon.ico HTTP/1.1" 200 1365
::1 - - [17/May/2022:15:44:16 +0400] "POST /home/ HTTP/1.1" 302 730
::1 - - [17/May/2022:15:44:16 +0400] "GET /auth/ HTTP/1.1" 200 1751
::1 - - [17/May/2022:15:44:17 +0400] "GET /favicon.ico HTTP/1.1" 200 730
::1 - - [17/May/2022:15:44:22 +0400] "POST /auth/ HTTP/1.1" 302 2437
::1 - - [17/May/2022:15:44:22 +0400] "GET /admin/ HTTP/1.1" 302 3909
::1 - - [17/May/2022:15:44:22 +0400] "GET /auth/ HTTP/1.1" 302 2386
::1 - - [17/May/2022:15:44:22 +0400] "GET /admin/ HTTP/1.1" 302 3909
::1 - - [17/May/2022:15:44:22 +0400] "GET /auth/ HTTP/1.1" 302 2386
::1 - - [17/May/2022:15:44:22 +0400] "GET /admin/ HTTP/1.1" 302 3909
::1 - - [17/May/2022:15:44:22 +0400] "GET /auth/ HTTP/1.1" 302 2386
::1 - - [17/May/2022:15:44:22 +0400] "GET /admin/ HTTP/1.1" 302 3909
::1 - - [17/May/2022:15:44:22 +0400] "GET /auth/ HTTP/1.1" 302 2386
::1 - - [17/May/2022:15:44:22 +0400] "GET /admin/ HTTP/1.1" 302 3909
::1 - - [17/May/2022:15:44:22 +0400] "GET /auth/ HTTP/1.1" 302 2386
::1 - - [17/May/2022:15:44:22 +0400] "GET /admin/ HTTP/1.1" 302 3909
::1 - - [17/May/2022:15:44:22 +0400] "GET /auth/ HTTP/1.1" 302 2386
::1 - - [17/May/2022:15:44:22 +0400] "GET /admin/ HTTP/1.1" 302 3909
::1 - - [17/May/2022:15:44:22 +0400] "GET /auth/ HTTP/1.1" 302 2386
::1 - - [17/May/2022:15:44:22 +0400] "GET /admin/ HTTP/1.1" 302 3909
::1 - - [17/May/2022:15:44:22 +0400] "GET /auth/ HTTP/1.1" 302 2386
::1 - - [17/May/2022:15:44:22 +0400] "GET /admin/ HTTP/1.1" 302 3909
::1 - - [17/May/2022:15:44:22 +0400] "GET /auth/ HTTP/1.1" 302 2386
::1 - - [17/May/2022:15:44:22 +0400] "GET /admin/ HTTP/1.1" 302 3909
::1 - - [17/May/2022:15:44:24 +0400] "GET /admin/ HTTP/1.1" 302 3909
::1 - - [17/May/2022:15:44:24 +0400] "GET /auth/ HTTP/1.1" 302 2386
::1 - - [17/May/2022:15:44:24 +0400] "GET /admin/ HTTP/1.1" 302 3909
::1 - - [17/May/2022:15:44:24 +0400] "GET /auth/ HTTP/1.1" 302 2386
::1 - - [17/May/2022:15:44:24 +0400] "GET /admin/ HTTP/1.1" 302 3909
::1 - - [17/May/2022:15:44:24 +0400] "GET /auth/ HTTP/1.1" 302 2386
::1 - - [17/May/2022:15:44:24 +0400] "GET /admin/ HTTP/1.1" 302 3909
::1 - - [17/May/2022:15:44:24 +0400] "GET /auth/ HTTP/1.1" 302 2386
::1 - - [17/May/2022:15:44:24 +0400] "GET /admin/ HTTP/1.1" 302 3909
::1 - - [17/May/2022:15:44:24 +0400] "GET /auth/ HTTP/1.1" 302 2386
::1 - - [17/May/2022:15:44:24 +0400] "GET /admin/ HTTP/1.1" 302 3909
::1 - - [17/May/2022:15:44:24 +0400] "GET /auth/ HTTP/1.1" 302 2386
::1 - - [17/May/2022:15:44:24 +0400] "GET /admin/ HTTP/1.1" 302 3909
::1 - - [17/May/2022:15:44:24 +0400] "GET /auth/ HTTP/1.1" 302 2386
::1 - - [17/May/2022:15:44:24 +0400] "GET /admin/ HTTP/1.1" 302 3909
::1 - - [17/May/2022:15:44:24 +0400] "GET /auth/ HTTP/1.1" 302 2386
::1 - - [17/May/2022:15:44:24 +0400] "GET /admin/ HTTP/1.1" 302 3909
::1 - - [17/May/2022:15:44:24 +0400] "GET /auth/ HTTP/1.1" 302 2386
::1 - - [17/May/2022:15:44:24 +0400] "GET /admin/ HTTP/1.1" 302 3909
::1 - - [17/May/2022:15:44:24 +0400] "GET /auth/ HTTP/1.1" 302 2386
::1 - - [17/May/2022:15:44:29 +0400] "GET /auth/ HTTP/1.1" 302 2386
::1 - - [17/May/2022:15:44:29 +0400] "GET /admin/ HTTP/1.1" 302 3909
::1 - - [17/May/2022:15:44:29 +0400] "GET /auth/ HTTP/1.1" 302 2386
::1 - - [17/May/2022:15:44:29 +0400] "GET /admin/ HTTP/1.1" 302 3909
::1 - - [17/May/2022:15:44:29 +0400] "GET /auth/ HTTP/1.1" 302 2386
::1 - - [17/May/2022:15:44:29 +0400] "GET /admin/ HTTP/1.1" 302 3909
::1 - - [17/May/2022:15:44:29 +0400] "GET /auth/ HTTP/1.1" 302 2386
::1 - - [17/May/2022:15:44:29 +0400] "GET /admin/ HTTP/1.1" 302 3909
::1 - - [17/May/2022:15:44:29 +0400] "GET /auth/ HTTP/1.1" 302 2386
::1 - - [17/May/2022:15:44:29 +0400] "GET /admin/ HTTP/1.1" 302 3909
::1 - - [17/May/2022:15:44:30 +0400] "GET /auth/ HTTP/1.1" 302 2386
::1 - - [17/May/2022:15:44:30 +0400] "GET /admin/ HTTP/1.1" 302 3909
::1 - - [17/May/2022:15:44:30 +0400] "GET /auth/ HTTP/1.1" 302 2386
::1 - - [17/May/2022:15:44:30 +0400] "GET /admin/ HTTP/1.1" 302 3909
::1 - - [17/May/2022:15:44:30 +0400] "GET /auth/ HTTP/1.1" 302 2386
::1 - - [17/May/2022:15:44:30 +0400] "GET /admin/ HTTP/1.1" 302 3909
::1 - - [17/May/2022:15:44:30 +0400] "GET /auth/ HTTP/1.1" 302 2386
::1 - - [17/May/2022:15:44:30 +0400] "GET /admin/ HTTP/1.1" 302 3909
::1 - - [17/May/2022:15:44:30 +0400] "GET /auth/ HTTP/1.1" 302 2386
::1 - - [17/May/2022:15:44:30 +0400] "GET /admin/ HTTP/1.1" 302 3909
::1 - - [17/May/2022:15:44:30 +0400] "GET /auth/ HTTP/1.1" 302 2386
::1 - - [17/May/2022:15:44:30 +0400] "GET /admin/ HTTP/1.1" 302 3909
::1 - - [17/May/2022:15:44:30 +0400] "GET /auth/ HTTP/1.1" 302 2386
::1 - - [17/May/2022:15:44:30 +0400] "GET /admin/ HTTP/1.1" 302 3909
::1 - - [17/May/2022:15:44:30 +0400] "GET /auth/ HTTP/1.1" 302 2386
::1 - - [17/May/2022:15:44:30 +0400] "GET /admin/ HTTP/1.1" 302 3909
::1 - - [17/May/2022:15:44:30 +0400] "GET /auth/ HTTP/1.1" 302 2386
::1 - - [17/May/2022:15:44:30 +0400] "GET /admin/ HTTP/1.1" 302 3909
::1 - - [17/May/2022:15:44:30 +0400] "GET /auth/ HTTP/1.1" 302 2386
::1 - - [17/May/2022:15:44:30 +0400] "GET /admin/ HTTP/1.1" 302 3909
::1 - - [17/May/2022:15:44:31 +0400] "GET /auth/ HTTP/1.1" 302 2386
::1 - - [17/May/2022:15:44:31 +0400] "GET /admin/ HTTP/1.1" 302 3909
::1 - - [17/May/2022:15:44:31 +0400] "GET /auth/ HTTP/1.1" 302 2386
::1 - - [17/May/2022:15:44:31 +0400] "GET /admin/ HTTP/1.1" 302 3909
::1 - - [17/May/2022:15:44:31 +0400] "GET /auth/ HTTP/1.1" 302 2386
::1 - - [17/May/2022:15:44:31 +0400] "GET /admin/ HTTP/1.1" 302 3909
::1 - - [17/May/2022:15:44:31 +0400] "GET /auth/ HTTP/1.1" 302 2386
::1 - - [17/May/2022:15:44:31 +0400] "GET /admin/ HTTP/1.1" 302 3909
::1 - - [17/May/2022:15:44:31 +0400] "GET /auth/ HTTP/1.1" 302 2386
::1 - - [17/May/2022:15:44:31 +0400] "GET /admin/ HTTP/1.1" 302 3909
::1 - - [17/May/2022:15:44:32 +0400] "GET /admin/ HTTP/1.1" 302 3909
::1 - - [17/May/2022:15:44:32 +0400] "GET /auth/ HTTP/1.1" 302 2386
::1 - - [17/May/2022:15:44:32 +0400] "GET /admin/ HTTP/1.1" 302 3909
::1 - - [17/May/2022:15:44:32 +0400] "GET /auth/ HTTP/1.1" 302 2386
::1 - - [17/May/2022:15:44:32 +0400] "GET /admin/ HTTP/1.1" 302 3909
::1 - - [17/May/2022:15:44:32 +0400] "GET /auth/ HTTP/1.1" 302 2386
::1 - - [17/May/2022:15:44:32 +0400] "GET /admin/ HTTP/1.1" 302 3909
::1 - - [17/May/2022:15:44:32 +0400] "GET /auth/ HTTP/1.1" 302 2386
::1 - - [17/May/2022:15:44:32 +0400] "GET /admin/ HTTP/1.1" 302 3909
::1 - - [17/May/2022:15:44:32 +0400] "GET /auth/ HTTP/1.1" 302 2386
::1 - - [17/May/2022:15:44:32 +0400] "GET /admin/ HTTP/1.1" 302 3909
::1 - - [17/May/2022:15:44:32 +0400] "GET /auth/ HTTP/1.1" 302 2386
::1 - - [17/May/2022:15:44:32 +0400] "GET /admin/ HTTP/1.1" 302 3909
::1 - - [17/May/2022:15:44:32 +0400] "GET /auth/ HTTP/1.1" 302 2386
::1 - - [17/May/2022:15:44:32 +0400] "GET /admin/ HTTP/1.1" 302 3909
::1 - - [17/May/2022:15:44:32 +0400] "GET /auth/ HTTP/1.1" 302 2386
::1 - - [17/May/2022:15:44:32 +0400] "GET /admin/ HTTP/1.1" 302 3909
::1 - - [17/May/2022:15:44:33 +0400] "GET /auth/ HTTP/1.1" 302 2386
::1 - - [17/May/2022:15:44:33 +0400] "GET /admin/ HTTP/1.1" 302 3909
::1 - - [17/May/2022:15:44:33 +0400] "GET /auth/ HTTP/1.1" 302 2386
::1 - - [17/May/2022:15:44:35 +0400] "GET /auth/ HTTP/1.1" 302 2386
::1 - - [17/May/2022:15:44:35 +0400] "GET /admin/ HTTP/1.1" 302 3909
::1 - - [17/May/2022:15:44:35 +0400] "GET /auth/ HTTP/1.1" 302 2386
::1 - - [17/May/2022:15:44:35 +0400] "GET /admin/ HTTP/1.1" 302 3909
::1 - - [17/May/2022:15:44:35 +0400] "GET /auth/ HTTP/1.1" 302 2386
::1 - - [17/May/2022:15:44:35 +0400] "GET /admin/ HTTP/1.1" 302 3909
::1 - - [17/May/2022:15:44:35 +0400] "GET /auth/ HTTP/1.1" 302 2386
::1 - - [17/May/2022:15:44:35 +0400] "GET /admin/ HTTP/1.1" 302 3909
::1 - - [17/May/2022:15:44:35 +0400] "GET /auth/ HTTP/1.1" 302 2386
::1 - - [17/May/2022:15:44:35 +0400] "GET /admin/ HTTP/1.1" 302 3909
::1 - - [17/May/2022:15:44:35 +0400] "GET /auth/ HTTP/1.1" 302 2386
::1 - - [17/May/2022:15:44:35 +0400] "GET /admin/ HTTP/1.1" 302 3909
::1 - - [17/May/2022:15:44:35 +0400] "GET /auth/ HTTP/1.1" 302 2386
::1 - - [17/May/2022:15:44:35 +0400] "GET /admin/ HTTP/1.1" 302 3909
::1 - - [17/May/2022:15:44:35 +0400] "GET /auth/ HTTP/1.1" 302 2386
::1 - - [17/May/2022:15:44:35 +0400] "GET /admin/ HTTP/1.1" 302 3909
::1 - - [17/May/2022:15:44:35 +0400] "GET /auth/ HTTP/1.1" 302 2386
::1 - - [17/May/2022:15:44:35 +0400] "GET /admin/ HTTP/1.1" 302 3909
::1 - - [17/May/2022:15:44:35 +0400] "GET /auth/ HTTP/1.1" 302 2386
::1 - - [17/May/2022:15:44:35 +0400] "GET /admin/ HTTP/1.1" 302 3909
::1 - - [17/May/2022:15:44:40 +0400] "GET /admin/ HTTP/1.1" 302 3909
::1 - - [17/May/2022:15:44:40 +0400] "GET /auth/ HTTP/1.1" 302 2386
::1 - - [17/May/2022:15:44:40 +0400] "GET /admin/ HTTP/1.1" 302 3909
::1 - - [17/May/2022:15:44:40 +0400] "GET /auth/ HTTP/1.1" 302 2386
::1 - - [17/May/2022:15:44:40 +0400] "GET /admin/ HTTP/1.1" 302 3909
::1 - - [17/May/2022:15:44:40 +0400] "GET /auth/ HTTP/1.1" 302 2386
::1 - - [17/May/2022:15:44:40 +0400] "GET /admin/ HTTP/1.1" 302 3909
::1 - - [17/May/2022:15:44:40 +0400] "GET /auth/ HTTP/1.1" 302 2386
::1 - - [17/May/2022:15:44:41 +0400] "GET /admin/ HTTP/1.1" 302 3909
::1 - - [17/May/2022:15:44:41 +0400] "GET /auth/ HTTP/1.1" 302 2386
::1 - - [17/May/2022:15:44:41 +0400] "GET /admin/ HTTP/1.1" 302 3909
::1 - - [17/May/2022:15:44:41 +0400] "GET /auth/ HTTP/1.1" 302 2386
::1 - - [17/May/2022:15:44:41 +0400] "GET /admin/ HTTP/1.1" 302 3909
::1 - - [17/May/2022:15:44:41 +0400] "GET /auth/ HTTP/1.1" 302 2386
::1 - - [17/May/2022:15:44:41 +0400] "GET /admin/ HTTP/1.1" 302 3909
::1 - - [17/May/2022:15:44:41 +0400] "GET /auth/ HTTP/1.1" 302 2386
::1 - - [17/May/2022:15:44:41 +0400] "GET /admin/ HTTP/1.1" 302 3909
::1 - - [17/May/2022:15:44:41 +0400] "GET /auth/ HTTP/1.1" 302 2386
::1 - - [17/May/2022:15:44:41 +0400] "GET /admin/ HTTP/1.1" 302 3909
::1 - - [17/May/2022:15:44:41 +0400] "GET /auth/ HTTP/1.1" 302 2386
::1 - - [17/May/2022:15:45:11 +0400] "GET /auth/ HTTP/1.1" 302 2386
::1 - - [17/May/2022:15:45:11 +0400] "GET /admin/ HTTP/1.1" 302 3909
::1 - - [17/May/2022:15:45:11 +0400] "GET /auth/ HTTP/1.1" 302 2386
::1 - - [17/May/2022:15:45:11 +0400] "GET /admin/ HTTP/1.1" 302 3909
::1 - - [17/May/2022:15:45:11 +0400] "GET /auth/ HTTP/1.1" 302 2386
::1 - - [17/May/2022:15:45:11 +0400] "GET /admin/ HTTP/1.1" 302 3909
::1 - - [17/May/2022:15:45:11 +0400] "GET /auth/ HTTP/1.1" 302 2386
::1 - - [17/May/2022:15:45:11 +0400] "GET /admin/ HTTP/1.1" 302 3909
::1 - - [17/May/2022:15:45:11 +0400] "GET /auth/ HTTP/1.1" 302 2386
::1 - - [17/May/2022:15:45:11 +0400] "GET /admin/ HTTP/1.1" 302 3909
::1 - - [17/May/2022:15:45:11 +0400] "GET /auth/ HTTP/1.1" 302 2386
::1 - - [17/May/2022:15:45:11 +0400] "GET /admin/ HTTP/1.1" 302 3909
::1 - - [17/May/2022:15:45:11 +0400] "GET /auth/ HTTP/1.1" 302 2386
::1 - - [17/May/2022:15:45:11 +0400] "GET /admin/ HTTP/1.1" 302 3909
::1 - - [17/May/2022:15:45:11 +0400] "GET /auth/ HTTP/1.1" 302 2386
::1 - - [17/May/2022:15:45:11 +0400] "GET /admin/ HTTP/1.1" 302 3909
::1 - - [17/May/2022:15:45:11 +0400] "GET /auth/ HTTP/1.1" 302 2386
::1 - - [17/May/2022:15:45:11 +0400] "GET /admin/ HTTP/1.1" 302 3909
::1 - - [17/May/2022:15:45:11 +0400] "GET /auth/ HTTP/1.1" 302 2386
::1 - - [17/May/2022:15:45:11 +0400] "GET /admin/ HTTP/1.1" 302 3909
::1 - - [17/May/2022:15:45:38 +0400] "GET /auth/ HTTP/1.1" 302 2386
::1 - - [17/May/2022:15:45:38 +0400] "GET /admin/ HTTP/1.1" 302 3909
::1 - - [17/May/2022:15:45:38 +0400] "GET /auth/ HTTP/1.1" 302 2386
::1 - - [17/May/2022:15:45:38 +0400] "GET /admin/ HTTP/1.1" 302 3909
::1 - - [17/May/2022:15:45:38 +0400] "GET /auth/ HTTP/1.1" 302 2386
::1 - - [17/May/2022:15:45:38 +0400] "GET /admin/ HTTP/1.1" 302 3909
::1 - - [17/May/2022:15:45:38 +0400] "GET /auth/ HTTP/1.1" 302 2386
::1 - - [17/May/2022:15:45:38 +0400] "GET /admin/ HTTP/1.1" 302 3909
::1 - - [17/May/2022:15:45:38 +0400] "GET /auth/ HTTP/1.1" 302 2386
::1 - - [17/May/2022:15:45:38 +0400] "GET /admin/ HTTP/1.1" 302 3909
::1 - - [17/May/2022:15:45:38 +0400] "GET /auth/ HTTP/1.1" 302 2386
::1 - - [17/May/2022:15:45:38 +0400] "GET /admin/ HTTP/1.1" 302 3909
::1 - - [17/May/2022:15:45:38 +0400] "GET /auth/ HTTP/1.1" 302 2386
::1 - - [17/May/2022:15:45:38 +0400] "GET /admin/ HTTP/1.1" 302 3909
::1 - - [17/May/2022:15:45:38 +0400] "GET /auth/ HTTP/1.1" 302 2386
::1 - - [17/May/2022:15:45:38 +0400] "GET /admin/ HTTP/1.1" 302 3909
::1 - - [17/May/2022:15:45:38 +0400] "GET /auth/ HTTP/1.1" 302 2386
::1 - - [17/May/2022:15:45:39 +0400] "GET /auth/ HTTP/1.1" 302 2386
::1 - - [17/May/2022:15:45:39 +0400] "GET /admin/ HTTP/1.1" 302 3909
::1 - - [17/May/2022:15:45:39 +0400] "GET /admin/ HTTP/1.1" 302 3909
::1 - - [17/May/2022:15:45:39 +0400] "GET /auth/ HTTP/1.1" 302 2386
::1 - - [17/May/2022:15:45:39 +0400] "GET /auth/ HTTP/1.1" 302 2386
::1 - - [17/May/2022:15:45:39 +0400] "GET /admin/ HTTP/1.1" 302 3909
::1 - - [17/May/2022:15:45:39 +0400] "GET /admin/ HTTP/1.1" 302 3909
::1 - - [17/May/2022:15:45:39 +0400] "GET /auth/ HTTP/1.1" 302 2386
::1 - - [17/May/2022:15:45:39 +0400] "GET /admin/ HTTP/1.1" 302 3909
::1 - - [17/May/2022:15:45:39 +0400] "GET /auth/ HTTP/1.1" 302 2386
::1 - - [17/May/2022:15:45:39 +0400] "GET /admin/ HTTP/1.1" 302 3909
::1 - - [17/May/2022:15:45:39 +0400] "GET /auth/ HTTP/1.1" 302 2386
::1 - - [17/May/2022:15:45:39 +0400] "GET /admin/ HTTP/1.1" 302 3909
::1 - - [17/May/2022:15:45:39 +0400] "GET /auth/ HTTP/1.1" 302 2386
::1 - - [17/May/2022:15:45:39 +0400] "GET /admin/ HTTP/1.1" 302 3909
::1 - - [17/May/2022:15:45:39 +0400] "GET /auth/ HTTP/1.1" 302 2386
::1 - - [17/May/2022:15:45:39 +0400] "GET /admin/ HTTP/1.1" 302 3909
::1 - - [17/May/2022:15:45:39 +0400] "GET /auth/ HTTP/1.1" 302 2386
::1 - - [17/May/2022:15:45:39 +0400] "GET /admin/ HTTP/1.1" 302 3909
::1 - - [17/May/2022:15:45:39 +0400] "GET /auth/ HTTP/1.1" 302 2386
::1 - - [17/May/2022:15:45:39 +0400] "GET /admin/ HTTP/1.1" 302 3909
::1 - - [17/May/2022:15:45:39 +0400] "GET /auth/ HTTP/1.1" 302 2386
::1 - - [17/May/2022:15:45:39 +0400] "GET /admin/ HTTP/1.1" 302 3909
::1 - - [17/May/2022:15:45:40 +0400] "GET /admin/ HTTP/1.1" 302 3909
::1 - - [17/May/2022:15:45:40 +0400] "GET /auth/ HTTP/1.1" 302 2386
::1 - - [17/May/2022:15:45:40 +0400] "GET /admin/ HTTP/1.1" 302 3909
::1 - - [17/May/2022:15:45:40 +0400] "GET /auth/ HTTP/1.1" 302 2386
::1 - - [17/May/2022:15:45:40 +0400] "GET /admin/ HTTP/1.1" 302 3909
::1 - - [17/May/2022:15:45:40 +0400] "GET /auth/ HTTP/1.1" 302 2386
::1 - - [17/May/2022:15:45:40 +0400] "GET /admin/ HTTP/1.1" 302 3909
::1 - - [17/May/2022:15:45:40 +0400] "GET /auth/ HTTP/1.1" 302 2386
::1 - - [17/May/2022:15:45:40 +0400] "GET /admin/ HTTP/1.1" 302 3909
::1 - - [17/May/2022:15:45:41 +0400] "GET /auth/ HTTP/1.1" 302 2386
::1 - - [17/May/2022:15:45:41 +0400] "GET /admin/ HTTP/1.1" 302 3909
::1 - - [17/May/2022:15:45:41 +0400] "GET /auth/ HTTP/1.1" 302 2386
::1 - - [17/May/2022:15:45:41 +0400] "GET /admin/ HTTP/1.1" 302 3909
::1 - - [17/May/2022:15:45:41 +0400] "GET /auth/ HTTP/1.1" 302 2386
::1 - - [17/May/2022:15:45:41 +0400] "GET /admin/ HTTP/1.1" 302 3909
::1 - - [17/May/2022:15:45:41 +0400] "GET /auth/ HTTP/1.1" 302 2386
::1 - - [17/May/2022:15:45:41 +0400] "GET /admin/ HTTP/1.1" 302 3909
::1 - - [17/May/2022:15:45:41 +0400] "GET /auth/ HTTP/1.1" 302 2386
::1 - - [17/May/2022:15:45:41 +0400] "GET /admin/ HTTP/1.1" 302 3909
::1 - - [17/May/2022:15:45:41 +0400] "GET /auth/ HTTP/1.1" 302 2386
::1 - - [17/May/2022:15:45:46 +0400] "GET /auth/ HTTP/1.1" 302 2386
::1 - - [17/May/2022:15:45:46 +0400] "GET /admin/ HTTP/1.1" 302 3909
::1 - - [17/May/2022:15:45:46 +0400] "GET /auth/ HTTP/1.1" 302 2386
::1 - - [17/May/2022:15:45:46 +0400] "GET /admin/ HTTP/1.1" 302 3909
::1 - - [17/May/2022:15:45:46 +0400] "GET /auth/ HTTP/1.1" 302 2386
::1 - - [17/May/2022:15:45:46 +0400] "GET /admin/ HTTP/1.1" 302 3909
::1 - - [17/May/2022:15:45:46 +0400] "GET /auth/ HTTP/1.1" 302 2386
::1 - - [17/May/2022:15:45:46 +0400] "GET /admin/ HTTP/1.1" 302 3909
::1 - - [17/May/2022:15:45:46 +0400] "GET /auth/ HTTP/1.1" 302 2386
::1 - - [17/May/2022:15:45:47 +0400] "GET /admin/ HTTP/1.1" 302 3909
::1 - - [17/May/2022:15:45:47 +0400] "GET /auth/ HTTP/1.1" 302 2386
::1 - - [17/May/2022:15:45:47 +0400] "GET /admin/ HTTP/1.1" 302 3909
::1 - - [17/May/2022:15:45:47 +0400] "GET /auth/ HTTP/1.1" 302 2386
::1 - - [17/May/2022:15:45:47 +0400] "GET /admin/ HTTP/1.1" 302 3909
::1 - - [17/May/2022:15:45:47 +0400] "GET /auth/ HTTP/1.1" 302 2386
::1 - - [17/May/2022:15:45:47 +0400] "GET /admin/ HTTP/1.1" 302 3909
::1 - - [17/May/2022:15:45:47 +0400] "GET /auth/ HTTP/1.1" 302 2386
::1 - - [17/May/2022:15:45:47 +0400] "GET /admin/ HTTP/1.1" 302 3909
::1 - - [17/May/2022:15:45:47 +0400] "GET /auth/ HTTP/1.1" 302 2386
::1 - - [17/May/2022:15:45:47 +0400] "GET /admin/ HTTP/1.1" 302 3909
::1 - - [17/May/2022:15:46:17 +0400] "GET /admin/ HTTP/1.1" 200 3909
::1 - - [17/May/2022:15:46:20 +0400] "GET /favicon.ico HTTP/1.1" 200 1365
::1 - - [17/May/2022:15:46:26 +0400] "GET /auth/ HTTP/1.1" 302 2386
::1 - - [17/May/2022:15:46:26 +0400] "GET /admin/ HTTP/1.1" 200 3909
::1 - - [17/May/2022:15:46:26 +0400] "GET /favicon.ico HTTP/1.1" 200 1365
::1 - - [17/May/2022:15:46:28 +0400] "POST /admin/ HTTP/1.1" 302 3274
::1 - - [17/May/2022:15:46:28 +0400] "GET /auth/ HTTP/1.1" 200 1751
::1 - - [17/May/2022:15:46:29 +0400] "GET /favicon.ico HTTP/1.1" 200 730
::1 - - [17/May/2022:15:46:33 +0400] "POST /auth/ HTTP/1.1" 302 2437
::1 - - [17/May/2022:15:46:33 +0400] "GET /admin/ HTTP/1.1" 200 3909
::1 - - [17/May/2022:15:46:34 +0400] "GET /favicon.ico HTTP/1.1" 200 1365
::1 - - [17/May/2022:15:46:35 +0400] "GET /admin/ HTTP/1.1" 200 3909
::1 - - [17/May/2022:15:46:36 +0400] "GET /favicon.ico HTTP/1.1" 200 1365
::1 - - [17/May/2022:15:46:37 +0400] "GET /clinic/ HTTP/1.1" 200 5414
::1 - - [17/May/2022:15:46:37 +0400] "GET /favicon.ico HTTP/1.1" 200 1365
::1 - - [17/May/2022:15:46:39 +0400] "GET /personal/ HTTP/1.1" 200 5505
::1 - - [17/May/2022:15:46:39 +0400] "GET /favicon.ico HTTP/1.1" 200 1365
::1 - - [17/May/2022:15:46:48 +0400] "GET /clinic/ HTTP/1.1" 200 5414
::1 - - [17/May/2022:15:46:49 +0400] "GET /favicon.ico HTTP/1.1" 200 1365
::1 - - [17/May/2022:15:46:55 +0400] "POST /clinic/ HTTP/1.1" 200 8183
::1 - - [17/May/2022:15:46:55 +0400] "GET /favicon.ico HTTP/1.1" 200 1365
::1 - - [17/May/2022:15:47:46 +0400] "POST /clinic/ HTTP/1.1" 200 8183
::1 - - [17/May/2022:15:47:47 +0400] "GET /favicon.ico HTTP/1.1" 200 1365
::1 - - [17/May/2022:15:47:53 +0400] "POST /clinic/ HTTP/1.1" 200 8183
::1 - - [17/May/2022:15:47:54 +0400] "GET /favicon.ico HTTP/1.1" 200 1365
::1 - - [17/May/2022:15:47:56 +0400] "GET /admin/ HTTP/1.1" 200 3909
::1 - - [17/May/2022:15:47:56 +0400] "GET /favicon.ico HTTP/1.1" 200 1365
::1 - - [17/May/2022:15:48:12 +0400] "POST /admin/ HTTP/1.1" 200 4775
::1 - - [17/May/2022:15:48:13 +0400] "GET /favicon.ico HTTP/1.1" 200 1365
::1 - - [17/May/2022:15:48:20 +0400] "GET /admin/ HTTP/1.1" 200 3909
::1 - - [17/May/2022:15:48:20 +0400] "GET /favicon.ico HTTP/1.1" 200 1365
::1 - - [17/May/2022:15:48:22 +0400] "POST /admin/ HTTP/1.1" 200 4775
::1 - - [17/May/2022:15:48:22 +0400] "GET /favicon.ico HTTP/1.1" 200 1365
::1 - - [17/May/2022:15:48:23 +0400] "GET /admin/ HTTP/1.1" 200 3909
::1 - - [17/May/2022:15:48:24 +0400] "GET /favicon.ico HTTP/1.1" 200 1365
::1 - - [17/May/2022:15:48:24 +0400] "GET /clinic/ HTTP/1.1" 200 5414
::1 - - [17/May/2022:15:48:25 +0400] "GET /favicon.ico HTTP/1.1" 200 1365
::1 - - [17/May/2022:15:48:26 +0400] "GET /personal/ HTTP/1.1" 200 5505
::1 - - [17/May/2022:15:48:26 +0400] "GET /favicon.ico HTTP/1.1" 200 1365
::1 - - [17/May/2022:15:49:23 +0400] "-" 408 -
::1 - - [17/May/2022:15:49:37 +0400] "POST /phpmyadmin/index.php?route=/ HTTP/1.1" 200 1750
::1 - - [17/May/2022:15:50:02 +0400] "GET /auth/ HTTP/1.1" 302 2386
::1 - - [17/May/2022:15:50:02 +0400] "GET /admin/ HTTP/1.1" 200 3909
::1 - - [17/May/2022:15:50:03 +0400] "GET /favicon.ico HTTP/1.1" 200 1365
::1 - - [17/May/2022:15:51:02 +0400] "-" 408 -
::1 - - [17/May/2022:15:51:18 +0400] "POST /admin/ HTTP/1.1" 200 4741
::1 - - [17/May/2022:15:51:19 +0400] "GET /favicon.ico HTTP/1.1" 200 1365
::1 - - [17/May/2022:15:52:18 +0400] "-" 408 -
::1 - - [17/May/2022:15:52:19 +0400] "POST /admin/ HTTP/1.1" 200 4757
::1 - - [17/May/2022:15:52:20 +0400] "GET /favicon.ico HTTP/1.1" 200 1365
::1 - - [17/May/2022:15:52:35 +0400] "GET /admin/ HTTP/1.1" 200 3891
::1 - - [17/May/2022:15:52:36 +0400] "GET /favicon.ico HTTP/1.1" 200 1365
::1 - - [17/May/2022:15:52:38 +0400] "GET /clinic/ HTTP/1.1" 200 5414
::1 - - [17/May/2022:15:52:39 +0400] "GET /favicon.ico HTTP/1.1" 200 1365
::1 - - [17/May/2022:15:53:02 +0400] "POST /clinic/ HTTP/1.1" 200 8199
::1 - - [17/May/2022:15:53:03 +0400] "GET /favicon.ico HTTP/1.1" 200 1365
::1 - - [17/May/2022:15:53:21 +0400] "GET /personal/ HTTP/1.1" 200 5505
::1 - - [17/May/2022:15:53:22 +0400] "GET /favicon.ico HTTP/1.1" 200 1365
::1 - - [17/May/2022:15:53:47 +0400] "POST /personal/ HTTP/1.1" 200 10377
::1 - - [17/May/2022:15:53:48 +0400] "GET /favicon.ico HTTP/1.1" 200 1340
::1 - - [17/May/2022:15:53:49 +0400] "GET /personal/ HTTP/1.1" 200 5480
::1 - - [17/May/2022:15:53:49 +0400] "GET /favicon.ico HTTP/1.1" 200 1340
::1 - - [17/May/2022:15:54:22 +0400] "POST /personal/ HTTP/1.1" 200 10393
::1 - - [17/May/2022:15:54:22 +0400] "GET /favicon.ico HTTP/1.1" 200 1340
::1 - - [17/May/2022:15:54:40 +0400] "GET /clinic/ HTTP/1.1" 200 5405
::1 - - [17/May/2022:15:54:40 +0400] "GET /favicon.ico HTTP/1.1" 200 1340
::1 - - [17/May/2022:15:54:51 +0400] "POST /clinic/ HTTP/1.1" 200 5452
::1 - - [17/May/2022:15:54:52 +0400] "GET /favicon.ico HTTP/1.1" 200 1340
::1 - - [17/May/2022:15:54:53 +0400] "GET /personal/ HTTP/1.1" 200 5496
::1 - - [17/May/2022:15:54:54 +0400] "GET /favicon.ico HTTP/1.1" 200 1340
::1 - - [17/May/2022:15:54:55 +0400] "POST /personal/ HTTP/1.1" 200 10401
::1 - - [17/May/2022:15:54:55 +0400] "GET /favicon.ico HTTP/1.1" 200 1340
::1 - - [17/May/2022:15:54:57 +0400] "POST /personal/ HTTP/1.1" 200 10401
::1 - - [17/May/2022:15:54:58 +0400] "GET /favicon.ico HTTP/1.1" 200 1340
::1 - - [17/May/2022:15:55:06 +0400] "GET /clinic/ HTTP/1.1" 200 5405
::1 - - [17/May/2022:15:55:06 +0400] "GET /favicon.ico HTTP/1.1" 200 1340
::1 - - [17/May/2022:15:55:23 +0400] "POST /clinic/ HTTP/1.1" 200 5452
::1 - - [17/May/2022:15:55:24 +0400] "GET /favicon.ico HTTP/1.1" 200 1340
::1 - - [17/May/2022:15:55:26 +0400] "GET /personal/ HTTP/1.1" 200 5496
::1 - - [17/May/2022:15:55:27 +0400] "GET /favicon.ico HTTP/1.1" 200 1340
::1 - - [17/May/2022:15:55:28 +0400] "POST /personal/ HTTP/1.1" 200 10417
::1 - - [17/May/2022:15:55:28 +0400] "GET /favicon.ico HTTP/1.1" 200 1340
::1 - - [17/May/2022:15:55:45 +0400] "POST /personal/ HTTP/1.1" 302 4886
::1 - - [17/May/2022:15:55:45 +0400] "GET /auth/ HTTP/1.1" 200 1751
::1 - - [17/May/2022:15:55:45 +0400] "GET /favicon.ico HTTP/1.1" 200 730
::1 - - [17/May/2022:15:55:52 +0400] "POST /auth/ HTTP/1.1" 200 1802
::1 - - [17/May/2022:15:55:52 +0400] "GET /favicon.ico HTTP/1.1" 200 730
::1 - - [17/May/2022:15:55:57 +0400] "GET /admin/ HTTP/1.1" 302 3256
::1 - - [17/May/2022:15:55:57 +0400] "GET /auth/ HTTP/1.1" 200 1751
::1 - - [17/May/2022:15:55:58 +0400] "GET /admin/ HTTP/1.1" 302 3256
::1 - - [17/May/2022:15:55:58 +0400] "GET /auth/ HTTP/1.1" 200 1751
::1 - - [17/May/2022:15:55:58 +0400] "GET /favicon.ico HTTP/1.1" 200 730
::1 - - [17/May/2022:16:00:17 +0400] "GET /admin/ HTTP/1.1" 302 3256
::1 - - [17/May/2022:16:00:17 +0400] "GET /auth/ HTTP/1.1" 200 1751
::1 - - [17/May/2022:16:00:18 +0400] "GET /favicon.ico HTTP/1.1" 200 730
::1 - - [17/May/2022:16:01:17 +0400] "-" 408 -
::1 - - [17/May/2022:16:02:17 +0400] "GET /phpmyadmin/index.php?route=/database/structure&server=1&db=root&ajax_request=true&ajax_page_request=true&_nocache=1652788937044223352&token=3b66487460702b5b7969523e785c7c57 HTTP/1.1" 200 6605
::1 - - [17/May/2022:16:02:32 +0400] "GET /phpmyadmin/index.php?route=/sql&server=1&db=root&table=admins&pos=0 HTTP/1.1" 200 12847
::1 - - [17/May/2022:16:02:33 +0400] "GET /phpmyadmin/themes/pmahomme/css/theme.css?v=5.1.3&nocache=-1933777017ltr&server=1 HTTP/1.1" 200 216144
::1 - - [17/May/2022:16:02:33 +0400] "GET /phpmyadmin/js/messages.php?l=ru&v=5.1.3 HTTP/1.1" 200 12908
::1 - - [17/May/2022:16:02:35 +0400] "POST /phpmyadmin/index.php?route=/config/get HTTP/1.1" 200 1726
::1 - - [17/May/2022:16:02:35 +0400] "POST /phpmyadmin/index.php?route=/navigation&ajax_request=1 HTTP/1.1" 200 2835
::1 - - [17/May/2022:16:02:35 +0400] "POST /phpmyadmin/index.php?route=/config/get HTTP/1.1" 200 1817
::1 - - [17/May/2022:16:02:35 +0400] "GET /phpmyadmin/index.php?route=/recent-table&ajax_request=1&recent_table=1&no_debug=true&_nocache=1652788955631282093&token=3b66487460702b5b7969523e785c7c57 HTTP/1.1" 200 1813
::1 - - [17/May/2022:16:02:36 +0400] "POST /phpmyadmin/index.php?route=/config/set HTTP/1.1" 200 1716
::1 - - [17/May/2022:16:02:39 +0400] "GET /phpmyadmin/index.php?route=/sql&server=1&db=root&table=admin&pos=0&ajax_request=true&ajax_page_request=true&_nocache=1652788959414751872&token=3b66487460702b5b7969523e785c7c57 HTTP/1.1" 200 9326
::1 - - [17/May/2022:16:02:40 +0400] "GET /phpmyadmin/index.php?route=/recent-table&ajax_request=1&recent_table=1&no_debug=true&_nocache=1652788960449391187&token=3b66487460702b5b7969523e785c7c57 HTTP/1.1" 200 1813
