PHP Warning:  PHP Startup: Unable to load dynamic library 'php_curl.dll' (tried: C:/OpenServer/domains/usbwebserver\\php\\ext\\php_curl.dll (\xd0\x9d\xd0\xb5 \xd0\xbd\xd0\xb0\xd0\xb9\xd0\xb4\xd0\xb5\xd0\xbd \xd1\x83\xd0\xba\xd0\xb0\xd0\xb7\xd0\xb0\xd0\xbd\xd0\xbd\xd1\x8b\xd0\xb9 \xd0\xbc\xd0\xbe\xd0\xb4\xd1\x83\xd0\xbb\xd1\x8c), C:/OpenServer/domains/usbwebserver\\php\\ext\\php_php_curl.dll.dll (\xd0\x9d\xd0\xb5 \xd0\xbd\xd0\xb0\xd0\xb9\xd0\xb4\xd0\xb5\xd0\xbd \xd1\x83\xd0\xba\xd0\xb0\xd0\xb7\xd0\xb0\xd0\xbd\xd0\xbd\xd1\x8b\xd0\xb9 \xd0\xbc\xd0\xbe\xd0\xb4\xd1\x83\xd0\xbb\xd1\x8c)) in Unknown on line 0
PHP Warning:  PHP Startup: Unable to load dynamic library 'php_gd2.dll' (tried: C:/OpenServer/domains/usbwebserver\\php\\ext\\php_gd2.dll (\xd0\x9d\xd0\xb5 \xd0\xbd\xd0\xb0\xd0\xb9\xd0\xb4\xd0\xb5\xd0\xbd \xd1\x83\xd0\xba\xd0\xb0\xd0\xb7\xd0\xb0\xd0\xbd\xd0\xbd\xd1\x8b\xd0\xb9 \xd0\xbc\xd0\xbe\xd0\xb4\xd1\x83\xd0\xbb\xd1\x8c), C:/OpenServer/domains/usbwebserver\\php\\ext\\php_php_gd2.dll.dll (\xd0\x9d\xd0\xb5 \xd0\xbd\xd0\xb0\xd0\xb9\xd0\xb4\xd0\xb5\xd0\xbd \xd1\x83\xd0\xba\xd0\xb0\xd0\xb7\xd0\xb0\xd0\xbd\xd0\xbd\xd1\x8b\xd0\xb9 \xd0\xbc\xd0\xbe\xd0\xb4\xd1\x83\xd0\xbb\xd1\x8c)) in Unknown on line 0
PHP Warning:  PHP Startup: Unable to load dynamic library 'php_pdo_pgsql.dll' (tried: C:/OpenServer/domains/usbwebserver\\php\\ext\\php_pdo_pgsql.dll (\xd0\x9e\xd0\xbf\xd0\xb5\xd1\x80\xd0\xb0\xd1\x86\xd0\xb8\xd0\xbe\xd0\xbd\xd0\xbd\xd0\xb0\xd1\x8f \xd1\x81\xd0\xb8\xd1\x81\xd1\x82\xd0\xb5\xd0\xbc\xd0\xb0 \xd0\xbd\xd0\xb5 \xd0\xbc\xd0\xbe\xd0\xb6\xd0\xb5\xd1\x82 \xd0\xb7\xd0\xb0\xd0\xbf\xd1\x83\xd1\x81\xd1\x82\xd0\xb8\xd1\x82\xd1\x8c %1), C:/OpenServer/domains/usbwebserver\\php\\ext\\php_php_pdo_pgsql.dll.dll (\xd0\x9d\xd0\xb5 \xd0\xbd\xd0\xb0\xd0\xb9\xd0\xb4\xd0\xb5\xd0\xbd \xd1\x83\xd0\xba\xd0\xb0\xd0\xb7\xd0\xb0\xd0\xbd\xd0\xbd\xd1\x8b\xd0\xb9 \xd0\xbc\xd0\xbe\xd0\xb4\xd1\x83\xd0\xbb\xd1\x8c)) in Unknown on line 0
PHP Warning:  PHP Startup: Unable to load dynamic library 'php_pdo_sqlite.dll' (tried: C:/OpenServer/domains/usbwebserver\\php\\ext\\php_pdo_sqlite.dll (\xd0\x9d\xd0\xb5 \xd0\xbd\xd0\xb0\xd0\xb9\xd0\xb4\xd0\xb5\xd0\xbd \xd1\x83\xd0\xba\xd0\xb0\xd0\xb7\xd0\xb0\xd0\xbd\xd0\xbd\xd1\x8b\xd0\xb9 \xd0\xbc\xd0\xbe\xd0\xb4\xd1\x83\xd0\xbb\xd1\x8c), C:/OpenServer/domains/usbwebserver\\php\\ext\\php_php_pdo_sqlite.dll.dll (\xd0\x9d\xd0\xb5 \xd0\xbd\xd0\xb0\xd0\xb9\xd0\xb4\xd0\xb5\xd0\xbd \xd1\x83\xd0\xba\xd0\xb0\xd0\xb7\xd0\xb0\xd0\xbd\xd0\xbd\xd1\x8b\xd0\xb9 \xd0\xbc\xd0\xbe\xd0\xb4\xd1\x83\xd0\xbb\xd1\x8c)) in Unknown on line 0
PHP Warning:  PHP Startup: Unable to load dynamic library 'php_sqlite3.dll' (tried: C:/OpenServer/domains/usbwebserver\\php\\ext\\php_sqlite3.dll (\xd0\x9d\xd0\xb5 \xd0\xbd\xd0\xb0\xd0\xb9\xd0\xb4\xd0\xb5\xd0\xbd \xd1\x83\xd0\xba\xd0\xb0\xd0\xb7\xd0\xb0\xd0\xbd\xd0\xbd\xd1\x8b\xd0\xb9 \xd0\xbc\xd0\xbe\xd0\xb4\xd1\x83\xd0\xbb\xd1\x8c), C:/OpenServer/domains/usbwebserver\\php\\ext\\php_php_sqlite3.dll.dll (\xd0\x9d\xd0\xb5 \xd0\xbd\xd0\xb0\xd0\xb9\xd0\xb4\xd0\xb5\xd0\xbd \xd1\x83\xd0\xba\xd0\xb0\xd0\xb7\xd0\xb0\xd0\xbd\xd0\xbd\xd1\x8b\xd0\xb9 \xd0\xbc\xd0\xbe\xd0\xb4\xd1\x83\xd0\xbb\xd1\x8c)) in Unknown on line 0
[Mon May 09 21:56:08.867090 2022] [mpm_winnt:notice] [pid 12660:tid 544] AH00455: Apache/2.4.52 (Win32) PHP/8.0.16 configured -- resuming normal operations
[Mon May 09 21:56:08.868087 2022] [mpm_winnt:notice] [pid 12660:tid 544] AH00456: Server built: Dec 17 2021 15:03:08
[Mon May 09 21:56:08.868087 2022] [core:notice] [pid 12660:tid 544] AH00094: Command line: 'C:\\OpenServer\\domains\\usbwebserver/apache2/bin/httpd_usbwv8.exe -d C:/OpenServer/domains/usbwebserver/apache2'
[Mon May 09 21:56:08.993244 2022] [mpm_winnt:notice] [pid 12660:tid 544] AH00418: Parent: Created child process 4972
PHP Warning:  PHP Startup: Unable to load dynamic library 'php_curl.dll' (tried: C:/OpenServer/domains/usbwebserver\\php\\ext\\php_curl.dll (\xd0\x9d\xd0\xb5 \xd0\xbd\xd0\xb0\xd0\xb9\xd0\xb4\xd0\xb5\xd0\xbd \xd1\x83\xd0\xba\xd0\xb0\xd0\xb7\xd0\xb0\xd0\xbd\xd0\xbd\xd1\x8b\xd0\xb9 \xd0\xbc\xd0\xbe\xd0\xb4\xd1\x83\xd0\xbb\xd1\x8c), C:/OpenServer/domains/usbwebserver\\php\\ext\\php_php_curl.dll.dll (\xd0\x9d\xd0\xb5 \xd0\xbd\xd0\xb0\xd0\xb9\xd0\xb4\xd0\xb5\xd0\xbd \xd1\x83\xd0\xba\xd0\xb0\xd0\xb7\xd0\xb0\xd0\xbd\xd0\xbd\xd1\x8b\xd0\xb9 \xd0\xbc\xd0\xbe\xd0\xb4\xd1\x83\xd0\xbb\xd1\x8c)) in Unknown on line 0
PHP Warning:  PHP Startup: Unable to load dynamic library 'php_gd2.dll' (tried: C:/OpenServer/domains/usbwebserver\\php\\ext\\php_gd2.dll (\xd0\x9d\xd0\xb5 \xd0\xbd\xd0\xb0\xd0\xb9\xd0\xb4\xd0\xb5\xd0\xbd \xd1\x83\xd0\xba\xd0\xb0\xd0\xb7\xd0\xb0\xd0\xbd\xd0\xbd\xd1\x8b\xd0\xb9 \xd0\xbc\xd0\xbe\xd0\xb4\xd1\x83\xd0\xbb\xd1\x8c), C:/OpenServer/domains/usbwebserver\\php\\ext\\php_php_gd2.dll.dll (\xd0\x9d\xd0\xb5 \xd0\xbd\xd0\xb0\xd0\xb9\xd0\xb4\xd0\xb5\xd0\xbd \xd1\x83\xd0\xba\xd0\xb0\xd0\xb7\xd0\xb0\xd0\xbd\xd0\xbd\xd1\x8b\xd0\xb9 \xd0\xbc\xd0\xbe\xd0\xb4\xd1\x83\xd0\xbb\xd1\x8c)) in Unknown on line 0
PHP Warning:  PHP Startup: Unable to load dynamic library 'php_pdo_pgsql.dll' (tried: C:/OpenServer/domains/usbwebserver\\php\\ext\\php_pdo_pgsql.dll (\xd0\x9e\xd0\xbf\xd0\xb5\xd1\x80\xd0\xb0\xd1\x86\xd0\xb8\xd0\xbe\xd0\xbd\xd0\xbd\xd0\xb0\xd1\x8f \xd1\x81\xd0\xb8\xd1\x81\xd1\x82\xd0\xb5\xd0\xbc\xd0\xb0 \xd0\xbd\xd0\xb5 \xd0\xbc\xd0\xbe\xd0\xb6\xd0\xb5\xd1\x82 \xd0\xb7\xd0\xb0\xd0\xbf\xd1\x83\xd1\x81\xd1\x82\xd0\xb8\xd1\x82\xd1\x8c %1), C:/OpenServer/domains/usbwebserver\\php\\ext\\php_php_pdo_pgsql.dll.dll (\xd0\x9d\xd0\xb5 \xd0\xbd\xd0\xb0\xd0\xb9\xd0\xb4\xd0\xb5\xd0\xbd \xd1\x83\xd0\xba\xd0\xb0\xd0\xb7\xd0\xb0\xd0\xbd\xd0\xbd\xd1\x8b\xd0\xb9 \xd0\xbc\xd0\xbe\xd0\xb4\xd1\x83\xd0\xbb\xd1\x8c)) in Unknown on line 0
PHP Warning:  PHP Startup: Unable to load dynamic library 'php_pdo_sqlite.dll' (tried: C:/OpenServer/domains/usbwebserver\\php\\ext\\php_pdo_sqlite.dll (\xd0\x9d\xd0\xb5 \xd0\xbd\xd0\xb0\xd0\xb9\xd0\xb4\xd0\xb5\xd0\xbd \xd1\x83\xd0\xba\xd0\xb0\xd0\xb7\xd0\xb0\xd0\xbd\xd0\xbd\xd1\x8b\xd0\xb9 \xd0\xbc\xd0\xbe\xd0\xb4\xd1\x83\xd0\xbb\xd1\x8c), C:/OpenServer/domains/usbwebserver\\php\\ext\\php_php_pdo_sqlite.dll.dll (\xd0\x9d\xd0\xb5 \xd0\xbd\xd0\xb0\xd0\xb9\xd0\xb4\xd0\xb5\xd0\xbd \xd1\x83\xd0\xba\xd0\xb0\xd0\xb7\xd0\xb0\xd0\xbd\xd0\xbd\xd1\x8b\xd0\xb9 \xd0\xbc\xd0\xbe\xd0\xb4\xd1\x83\xd0\xbb\xd1\x8c)) in Unknown on line 0
PHP Warning:  PHP Startup: Unable to load dynamic library 'php_sqlite3.dll' (tried: C:/OpenServer/domains/usbwebserver\\php\\ext\\php_sqlite3.dll (\xd0\x9d\xd0\xb5 \xd0\xbd\xd0\xb0\xd0\xb9\xd0\xb4\xd0\xb5\xd0\xbd \xd1\x83\xd0\xba\xd0\xb0\xd0\xb7\xd0\xb0\xd0\xbd\xd0\xbd\xd1\x8b\xd0\xb9 \xd0\xbc\xd0\xbe\xd0\xb4\xd1\x83\xd0\xbb\xd1\x8c), C:/OpenServer/domains/usbwebserver\\php\\ext\\php_php_sqlite3.dll.dll (\xd0\x9d\xd0\xb5 \xd0\xbd\xd0\xb0\xd0\xb9\xd0\xb4\xd0\xb5\xd0\xbd \xd1\x83\xd0\xba\xd0\xb0\xd0\xb7\xd0\xb0\xd0\xbd\xd0\xbd\xd1\x8b\xd0\xb9 \xd0\xbc\xd0\xbe\xd0\xb4\xd1\x83\xd0\xbb\xd1\x8c)) in Unknown on line 0
[Mon May 09 21:56:12.908957 2022] [mpm_winnt:notice] [pid 4972:tid 700] AH00354: Child: Starting 64 worker threads.
[Tue May 10 12:27:25.981377 2022] [php:error] [pid 4972:tid 1208] [client ::1:52491] PHP Parse error:  Unmatched '}' in C:\\OpenServer\\domains\\usbwebserver\\myproject\\project\\models\\ClinicManager.php on line 27, referer: http://localhost/clinic/clinic/
[Tue May 10 12:28:22.206080 2022] [php:warn] [pid 4972:tid 1208] [client ::1:52498] PHP Warning:  Undefined variable $clinic in C:\\OpenServer\\domains\\usbwebserver\\myproject\\project\\views\\clinic\\index.php on line 7, referer: http://localhost/clinic/clinic/
[Tue May 10 12:28:22.225945 2022] [php:warn] [pid 4972:tid 1208] [client ::1:52498] PHP Warning:  Trying to access array offset on value of type null in C:\\OpenServer\\domains\\usbwebserver\\myproject\\project\\views\\clinic\\index.php on line 7, referer: http://localhost/clinic/clinic/
[Tue May 10 12:28:22.225945 2022] [php:warn] [pid 4972:tid 1208] [client ::1:52498] PHP Warning:  Undefined variable $clinic in C:\\OpenServer\\domains\\usbwebserver\\myproject\\project\\views\\clinic\\index.php on line 7, referer: http://localhost/clinic/clinic/
[Tue May 10 12:28:22.225945 2022] [php:warn] [pid 4972:tid 1208] [client ::1:52498] PHP Warning:  Trying to access array offset on value of type null in C:\\OpenServer\\domains\\usbwebserver\\myproject\\project\\views\\clinic\\index.php on line 7, referer: http://localhost/clinic/clinic/
[Tue May 10 12:29:04.536997 2022] [php:warn] [pid 4972:tid 1220] [client ::1:52505] PHP Warning:  Undefined variable $clinic in C:\\OpenServer\\domains\\usbwebserver\\myproject\\project\\views\\clinic\\index.php on line 7, referer: http://localhost/clinic/clinic/
[Tue May 10 12:29:04.537990 2022] [php:warn] [pid 4972:tid 1220] [client ::1:52505] PHP Warning:  Trying to access array offset on value of type null in C:\\OpenServer\\domains\\usbwebserver\\myproject\\project\\views\\clinic\\index.php on line 7, referer: http://localhost/clinic/clinic/
[Tue May 10 12:29:04.537990 2022] [php:warn] [pid 4972:tid 1220] [client ::1:52505] PHP Warning:  Undefined variable $clinic in C:\\OpenServer\\domains\\usbwebserver\\myproject\\project\\views\\clinic\\index.php on line 7, referer: http://localhost/clinic/clinic/
[Tue May 10 12:29:04.537990 2022] [php:warn] [pid 4972:tid 1220] [client ::1:52505] PHP Warning:  Trying to access array offset on value of type null in C:\\OpenServer\\domains\\usbwebserver\\myproject\\project\\views\\clinic\\index.php on line 7, referer: http://localhost/clinic/clinic/
[Tue May 10 12:29:07.245406 2022] [php:warn] [pid 4972:tid 1220] [client ::1:52505] PHP Warning:  Undefined variable $clinic in C:\\OpenServer\\domains\\usbwebserver\\myproject\\project\\views\\clinic\\index.php on line 7, referer: http://localhost/clinic/clinic/
[Tue May 10 12:29:07.245406 2022] [php:warn] [pid 4972:tid 1220] [client ::1:52505] PHP Warning:  Trying to access array offset on value of type null in C:\\OpenServer\\domains\\usbwebserver\\myproject\\project\\views\\clinic\\index.php on line 7, referer: http://localhost/clinic/clinic/
[Tue May 10 12:29:07.245406 2022] [php:warn] [pid 4972:tid 1220] [client ::1:52505] PHP Warning:  Undefined variable $clinic in C:\\OpenServer\\domains\\usbwebserver\\myproject\\project\\views\\clinic\\index.php on line 7, referer: http://localhost/clinic/clinic/
[Tue May 10 12:29:07.245406 2022] [php:warn] [pid 4972:tid 1220] [client ::1:52505] PHP Warning:  Trying to access array offset on value of type null in C:\\OpenServer\\domains\\usbwebserver\\myproject\\project\\views\\clinic\\index.php on line 7, referer: http://localhost/clinic/clinic/
[Tue May 10 12:30:06.252177 2022] [php:warn] [pid 4972:tid 1208] [client ::1:52511] PHP Warning:  Undefined variable $clinic in C:\\OpenServer\\domains\\usbwebserver\\myproject\\project\\views\\clinic\\index.php on line 7, referer: http://localhost/clinic/clinic/
[Tue May 10 12:30:06.252177 2022] [php:warn] [pid 4972:tid 1208] [client ::1:52511] PHP Warning:  Trying to access array offset on value of type null in C:\\OpenServer\\domains\\usbwebserver\\myproject\\project\\views\\clinic\\index.php on line 7, referer: http://localhost/clinic/clinic/
[Tue May 10 12:30:06.252177 2022] [php:warn] [pid 4972:tid 1208] [client ::1:52511] PHP Warning:  Undefined variable $clinic in C:\\OpenServer\\domains\\usbwebserver\\myproject\\project\\views\\clinic\\index.php on line 7, referer: http://localhost/clinic/clinic/
[Tue May 10 12:30:06.252177 2022] [php:warn] [pid 4972:tid 1208] [client ::1:52511] PHP Warning:  Trying to access array offset on value of type null in C:\\OpenServer\\domains\\usbwebserver\\myproject\\project\\views\\clinic\\index.php on line 7, referer: http://localhost/clinic/clinic/
[Tue May 10 12:30:08.595137 2022] [php:warn] [pid 4972:tid 1220] [client ::1:52515] PHP Warning:  Undefined variable $clinic in C:\\OpenServer\\domains\\usbwebserver\\myproject\\project\\views\\clinic\\index.php on line 7, referer: http://localhost/clinic/clinic/
[Tue May 10 12:30:08.595137 2022] [php:warn] [pid 4972:tid 1220] [client ::1:52515] PHP Warning:  Trying to access array offset on value of type null in C:\\OpenServer\\domains\\usbwebserver\\myproject\\project\\views\\clinic\\index.php on line 7, referer: http://localhost/clinic/clinic/
[Tue May 10 12:30:08.596131 2022] [php:warn] [pid 4972:tid 1220] [client ::1:52515] PHP Warning:  Undefined variable $clinic in C:\\OpenServer\\domains\\usbwebserver\\myproject\\project\\views\\clinic\\index.php on line 7, referer: http://localhost/clinic/clinic/
[Tue May 10 12:30:08.596131 2022] [php:warn] [pid 4972:tid 1220] [client ::1:52515] PHP Warning:  Trying to access array offset on value of type null in C:\\OpenServer\\domains\\usbwebserver\\myproject\\project\\views\\clinic\\index.php on line 7, referer: http://localhost/clinic/clinic/
[Tue May 10 12:30:17.129029 2022] [php:warn] [pid 4972:tid 1208] [client ::1:52514] PHP Warning:  Undefined variable $clinic in C:\\OpenServer\\domains\\usbwebserver\\myproject\\project\\views\\clinic\\index.php on line 7, referer: http://localhost/clinic/clinic/
[Tue May 10 12:30:17.129029 2022] [php:warn] [pid 4972:tid 1208] [client ::1:52514] PHP Warning:  Trying to access array offset on value of type null in C:\\OpenServer\\domains\\usbwebserver\\myproject\\project\\views\\clinic\\index.php on line 7, referer: http://localhost/clinic/clinic/
[Tue May 10 12:30:17.129029 2022] [php:warn] [pid 4972:tid 1208] [client ::1:52514] PHP Warning:  Undefined variable $clinic in C:\\OpenServer\\domains\\usbwebserver\\myproject\\project\\views\\clinic\\index.php on line 7, referer: http://localhost/clinic/clinic/
[Tue May 10 12:30:17.129029 2022] [php:warn] [pid 4972:tid 1208] [client ::1:52514] PHP Warning:  Trying to access array offset on value of type null in C:\\OpenServer\\domains\\usbwebserver\\myproject\\project\\views\\clinic\\index.php on line 7, referer: http://localhost/clinic/clinic/
[Tue May 10 12:31:36.911833 2022] [php:warn] [pid 4972:tid 1220] [client ::1:52525] PHP Warning:  Undefined variable $clinic in C:\\OpenServer\\domains\\usbwebserver\\myproject\\project\\views\\clinic\\index.php on line 8, referer: http://localhost/clinic/clinic/
[Tue May 10 12:31:36.911833 2022] [php:warn] [pid 4972:tid 1220] [client ::1:52525] PHP Warning:  Trying to access array offset on value of type null in C:\\OpenServer\\domains\\usbwebserver\\myproject\\project\\views\\clinic\\index.php on line 8, referer: http://localhost/clinic/clinic/
[Tue May 10 12:31:36.911833 2022] [php:warn] [pid 4972:tid 1220] [client ::1:52525] PHP Warning:  Undefined variable $clinic in C:\\OpenServer\\domains\\usbwebserver\\myproject\\project\\views\\clinic\\index.php on line 8, referer: http://localhost/clinic/clinic/
[Tue May 10 12:31:36.911833 2022] [php:warn] [pid 4972:tid 1220] [client ::1:52525] PHP Warning:  Trying to access array offset on value of type null in C:\\OpenServer\\domains\\usbwebserver\\myproject\\project\\views\\clinic\\index.php on line 8, referer: http://localhost/clinic/clinic/
[Tue May 10 12:31:38.633731 2022] [php:warn] [pid 4972:tid 1208] [client ::1:52528] PHP Warning:  Undefined variable $clinic in C:\\OpenServer\\domains\\usbwebserver\\myproject\\project\\views\\clinic\\index.php on line 8, referer: http://localhost/clinic/clinic/
[Tue May 10 12:31:38.633731 2022] [php:warn] [pid 4972:tid 1208] [client ::1:52528] PHP Warning:  Trying to access array offset on value of type null in C:\\OpenServer\\domains\\usbwebserver\\myproject\\project\\views\\clinic\\index.php on line 8, referer: http://localhost/clinic/clinic/
[Tue May 10 12:31:38.633731 2022] [php:warn] [pid 4972:tid 1208] [client ::1:52528] PHP Warning:  Undefined variable $clinic in C:\\OpenServer\\domains\\usbwebserver\\myproject\\project\\views\\clinic\\index.php on line 8, referer: http://localhost/clinic/clinic/
[Tue May 10 12:31:38.633731 2022] [php:warn] [pid 4972:tid 1208] [client ::1:52528] PHP Warning:  Trying to access array offset on value of type null in C:\\OpenServer\\domains\\usbwebserver\\myproject\\project\\views\\clinic\\index.php on line 8, referer: http://localhost/clinic/clinic/
[Tue May 10 12:31:44.524056 2022] [php:warn] [pid 4972:tid 1220] [client ::1:52527] PHP Warning:  Undefined variable $clinic in C:\\OpenServer\\domains\\usbwebserver\\myproject\\project\\views\\clinic\\index.php on line 8, referer: http://localhost/clinic/clinic/
[Tue May 10 12:31:44.524056 2022] [php:warn] [pid 4972:tid 1220] [client ::1:52527] PHP Warning:  Trying to access array offset on value of type null in C:\\OpenServer\\domains\\usbwebserver\\myproject\\project\\views\\clinic\\index.php on line 8, referer: http://localhost/clinic/clinic/
[Tue May 10 12:31:44.524056 2022] [php:warn] [pid 4972:tid 1220] [client ::1:52527] PHP Warning:  Undefined variable $clinic in C:\\OpenServer\\domains\\usbwebserver\\myproject\\project\\views\\clinic\\index.php on line 8, referer: http://localhost/clinic/clinic/
[Tue May 10 12:31:44.524056 2022] [php:warn] [pid 4972:tid 1220] [client ::1:52527] PHP Warning:  Trying to access array offset on value of type null in C:\\OpenServer\\domains\\usbwebserver\\myproject\\project\\views\\clinic\\index.php on line 8, referer: http://localhost/clinic/clinic/
[Tue May 10 12:31:46.071453 2022] [php:warn] [pid 4972:tid 1220] [client ::1:52527] PHP Warning:  Undefined variable $clinic in C:\\OpenServer\\domains\\usbwebserver\\myproject\\project\\views\\clinic\\index.php on line 8, referer: http://localhost/clinic/clinic/
[Tue May 10 12:31:46.071453 2022] [php:warn] [pid 4972:tid 1220] [client ::1:52527] PHP Warning:  Trying to access array offset on value of type null in C:\\OpenServer\\domains\\usbwebserver\\myproject\\project\\views\\clinic\\index.php on line 8, referer: http://localhost/clinic/clinic/
[Tue May 10 12:31:46.071453 2022] [php:warn] [pid 4972:tid 1220] [client ::1:52527] PHP Warning:  Undefined variable $clinic in C:\\OpenServer\\domains\\usbwebserver\\myproject\\project\\views\\clinic\\index.php on line 8, referer: http://localhost/clinic/clinic/
[Tue May 10 12:31:46.071453 2022] [php:warn] [pid 4972:tid 1220] [client ::1:52527] PHP Warning:  Trying to access array offset on value of type null in C:\\OpenServer\\domains\\usbwebserver\\myproject\\project\\views\\clinic\\index.php on line 8, referer: http://localhost/clinic/clinic/
[Tue May 10 12:32:09.266199 2022] [php:warn] [pid 4972:tid 1208] [client ::1:52535] PHP Warning:  Array to string conversion in C:\\OpenServer\\domains\\usbwebserver\\myproject\\project\\views\\clinic\\index.php on line 5, referer: http://localhost/clinic/clinic/
[Tue May 10 12:32:09.266199 2022] [php:warn] [pid 4972:tid 1208] [client ::1:52535] PHP Warning:  Undefined variable $clinic in C:\\OpenServer\\domains\\usbwebserver\\myproject\\project\\views\\clinic\\index.php on line 8, referer: http://localhost/clinic/clinic/
[Tue May 10 12:32:09.266199 2022] [php:warn] [pid 4972:tid 1208] [client ::1:52535] PHP Warning:  Trying to access array offset on value of type null in C:\\OpenServer\\domains\\usbwebserver\\myproject\\project\\views\\clinic\\index.php on line 8, referer: http://localhost/clinic/clinic/
[Tue May 10 12:32:09.266199 2022] [php:warn] [pid 4972:tid 1208] [client ::1:52535] PHP Warning:  Undefined variable $clinic in C:\\OpenServer\\domains\\usbwebserver\\myproject\\project\\views\\clinic\\index.php on line 8, referer: http://localhost/clinic/clinic/
[Tue May 10 12:32:09.266199 2022] [php:warn] [pid 4972:tid 1208] [client ::1:52535] PHP Warning:  Trying to access array offset on value of type null in C:\\OpenServer\\domains\\usbwebserver\\myproject\\project\\views\\clinic\\index.php on line 8, referer: http://localhost/clinic/clinic/
[Tue May 10 12:32:10.627948 2022] [php:warn] [pid 4972:tid 1208] [client ::1:52535] PHP Warning:  Array to string conversion in C:\\OpenServer\\domains\\usbwebserver\\myproject\\project\\views\\clinic\\index.php on line 5, referer: http://localhost/clinic/clinic/
[Tue May 10 12:32:10.627948 2022] [php:warn] [pid 4972:tid 1208] [client ::1:52535] PHP Warning:  Undefined variable $clinic in C:\\OpenServer\\domains\\usbwebserver\\myproject\\project\\views\\clinic\\index.php on line 8, referer: http://localhost/clinic/clinic/
[Tue May 10 12:32:10.628943 2022] [php:warn] [pid 4972:tid 1208] [client ::1:52535] PHP Warning:  Trying to access array offset on value of type null in C:\\OpenServer\\domains\\usbwebserver\\myproject\\project\\views\\clinic\\index.php on line 8, referer: http://localhost/clinic/clinic/
[Tue May 10 12:32:10.628943 2022] [php:warn] [pid 4972:tid 1208] [client ::1:52535] PHP Warning:  Undefined variable $clinic in C:\\OpenServer\\domains\\usbwebserver\\myproject\\project\\views\\clinic\\index.php on line 8, referer: http://localhost/clinic/clinic/
[Tue May 10 12:32:10.628943 2022] [php:warn] [pid 4972:tid 1208] [client ::1:52535] PHP Warning:  Trying to access array offset on value of type null in C:\\OpenServer\\domains\\usbwebserver\\myproject\\project\\views\\clinic\\index.php on line 8, referer: http://localhost/clinic/clinic/
[Tue May 10 12:32:33.689110 2022] [php:warn] [pid 4972:tid 1208] [client ::1:52541] PHP Warning:  Array to string conversion in C:\\OpenServer\\domains\\usbwebserver\\myproject\\project\\views\\clinic\\index.php on line 5, referer: http://localhost/clinic/clinic/
[Tue May 10 12:33:23.927992 2022] [php:warn] [pid 4972:tid 1220] [client ::1:52546] PHP Warning:  Array to string conversion in C:\\OpenServer\\domains\\usbwebserver\\myproject\\project\\views\\clinic\\index.php on line 4, referer: http://localhost/clinic/clinic/
[Tue May 10 12:34:03.660930 2022] [php:warn] [pid 4972:tid 1208] [client ::1:52551] PHP Warning:  Undefined array key 0 in C:\\OpenServer\\domains\\usbwebserver\\myproject\\project\\views\\clinic\\index.php on line 4, referer: http://localhost/clinic/clinic/
[Tue May 10 12:34:03.660930 2022] [php:warn] [pid 4972:tid 1208] [client ::1:52551] PHP Warning:  Trying to access array offset on value of type null in C:\\OpenServer\\domains\\usbwebserver\\myproject\\project\\views\\clinic\\index.php on line 4, referer: http://localhost/clinic/clinic/
[Tue May 10 12:38:31.185610 2022] [php:warn] [pid 4972:tid 1220] [client ::1:60163] PHP Warning:  Undefined variable $clinic in C:\\OpenServer\\domains\\usbwebserver\\myproject\\project\\views\\clinic\\index.php on line 8, referer: http://localhost/clinic/clinic/
[Tue May 10 12:38:31.185610 2022] [php:warn] [pid 4972:tid 1220] [client ::1:60163] PHP Warning:  Trying to access array offset on value of type null in C:\\OpenServer\\domains\\usbwebserver\\myproject\\project\\views\\clinic\\index.php on line 8, referer: http://localhost/clinic/clinic/
[Tue May 10 12:38:31.185610 2022] [php:warn] [pid 4972:tid 1220] [client ::1:60163] PHP Warning:  Undefined variable $clinic in C:\\OpenServer\\domains\\usbwebserver\\myproject\\project\\views\\clinic\\index.php on line 8, referer: http://localhost/clinic/clinic/
[Tue May 10 12:38:31.186604 2022] [php:warn] [pid 4972:tid 1220] [client ::1:60163] PHP Warning:  Trying to access array offset on value of type null in C:\\OpenServer\\domains\\usbwebserver\\myproject\\project\\views\\clinic\\index.php on line 8, referer: http://localhost/clinic/clinic/
[Tue May 10 12:40:17.578738 2022] [php:warn] [pid 4972:tid 1208] [client ::1:60166] PHP Warning:  Undefined variable $clinic in C:\\OpenServer\\domains\\usbwebserver\\myproject\\project\\views\\clinic\\index.php on line 8, referer: http://localhost/clinic/clinic/
[Tue May 10 12:40:17.579730 2022] [php:warn] [pid 4972:tid 1208] [client ::1:60166] PHP Warning:  Trying to access array offset on value of type null in C:\\OpenServer\\domains\\usbwebserver\\myproject\\project\\views\\clinic\\index.php on line 8, referer: http://localhost/clinic/clinic/
[Tue May 10 12:40:17.579730 2022] [php:warn] [pid 4972:tid 1208] [client ::1:60166] PHP Warning:  Undefined variable $clinic in C:\\OpenServer\\domains\\usbwebserver\\myproject\\project\\views\\clinic\\index.php on line 8, referer: http://localhost/clinic/clinic/
[Tue May 10 12:40:17.579730 2022] [php:warn] [pid 4972:tid 1208] [client ::1:60166] PHP Warning:  Trying to access array offset on value of type null in C:\\OpenServer\\domains\\usbwebserver\\myproject\\project\\views\\clinic\\index.php on line 8, referer: http://localhost/clinic/clinic/
[Tue May 10 12:41:27.063709 2022] [php:warn] [pid 4972:tid 1220] [client ::1:60169] PHP Warning:  Undefined variable $clinic in C:\\OpenServer\\domains\\usbwebserver\\myproject\\project\\views\\clinic\\index.php on line 8, referer: http://localhost/clinic/clinic/
[Tue May 10 12:41:27.067685 2022] [php:warn] [pid 4972:tid 1220] [client ::1:60169] PHP Warning:  Trying to access array offset on value of type null in C:\\OpenServer\\domains\\usbwebserver\\myproject\\project\\views\\clinic\\index.php on line 8, referer: http://localhost/clinic/clinic/
[Tue May 10 12:41:27.067685 2022] [php:warn] [pid 4972:tid 1220] [client ::1:60169] PHP Warning:  Undefined variable $clinic in C:\\OpenServer\\domains\\usbwebserver\\myproject\\project\\views\\clinic\\index.php on line 8, referer: http://localhost/clinic/clinic/
[Tue May 10 12:41:27.067685 2022] [php:warn] [pid 4972:tid 1220] [client ::1:60169] PHP Warning:  Trying to access array offset on value of type null in C:\\OpenServer\\domains\\usbwebserver\\myproject\\project\\views\\clinic\\index.php on line 8, referer: http://localhost/clinic/clinic/
[Tue May 10 12:41:28.816140 2022] [php:warn] [pid 4972:tid 1220] [client ::1:60169] PHP Warning:  Undefined variable $clinic in C:\\OpenServer\\domains\\usbwebserver\\myproject\\project\\views\\clinic\\index.php on line 8, referer: http://localhost/clinic/clinic/
[Tue May 10 12:41:28.816140 2022] [php:warn] [pid 4972:tid 1220] [client ::1:60169] PHP Warning:  Trying to access array offset on value of type null in C:\\OpenServer\\domains\\usbwebserver\\myproject\\project\\views\\clinic\\index.php on line 8, referer: http://localhost/clinic/clinic/
[Tue May 10 12:41:28.816140 2022] [php:warn] [pid 4972:tid 1220] [client ::1:60169] PHP Warning:  Undefined variable $clinic in C:\\OpenServer\\domains\\usbwebserver\\myproject\\project\\views\\clinic\\index.php on line 8, referer: http://localhost/clinic/clinic/
[Tue May 10 12:41:28.816140 2022] [php:warn] [pid 4972:tid 1220] [client ::1:60169] PHP Warning:  Trying to access array offset on value of type null in C:\\OpenServer\\domains\\usbwebserver\\myproject\\project\\views\\clinic\\index.php on line 8, referer: http://localhost/clinic/clinic/
[Tue May 10 12:42:02.110902 2022] [php:warn] [pid 4972:tid 1208] [client ::1:60176] PHP Warning:  Undefined variable $clinic in C:\\OpenServer\\domains\\usbwebserver\\myproject\\project\\views\\clinic\\index.php on line 8, referer: http://localhost/clinic/clinic/
[Tue May 10 12:42:02.110902 2022] [php:warn] [pid 4972:tid 1208] [client ::1:60176] PHP Warning:  Trying to access array offset on value of type null in C:\\OpenServer\\domains\\usbwebserver\\myproject\\project\\views\\clinic\\index.php on line 8, referer: http://localhost/clinic/clinic/
[Tue May 10 12:42:02.110902 2022] [php:warn] [pid 4972:tid 1208] [client ::1:60176] PHP Warning:  Undefined variable $clinic in C:\\OpenServer\\domains\\usbwebserver\\myproject\\project\\views\\clinic\\index.php on line 8, referer: http://localhost/clinic/clinic/
[Tue May 10 12:42:02.110902 2022] [php:warn] [pid 4972:tid 1208] [client ::1:60176] PHP Warning:  Trying to access array offset on value of type null in C:\\OpenServer\\domains\\usbwebserver\\myproject\\project\\views\\clinic\\index.php on line 8, referer: http://localhost/clinic/clinic/
[Tue May 10 12:44:44.610249 2022] [php:warn] [pid 4972:tid 1220] [client ::1:60187] PHP Warning:  Undefined variable $clinic in C:\\OpenServer\\domains\\usbwebserver\\myproject\\project\\views\\clinic\\index.php on line 7, referer: http://localhost/clinic/clinic/
[Tue May 10 12:44:44.610249 2022] [php:warn] [pid 4972:tid 1220] [client ::1:60187] PHP Warning:  Trying to access array offset on value of type null in C:\\OpenServer\\domains\\usbwebserver\\myproject\\project\\views\\clinic\\index.php on line 7, referer: http://localhost/clinic/clinic/
[Tue May 10 12:45:04.843239 2022] [php:warn] [pid 4972:tid 1208] [client ::1:60190] PHP Warning:  Undefined variable $clinic in C:\\OpenServer\\domains\\usbwebserver\\myproject\\project\\views\\clinic\\index.php on line 7, referer: http://localhost/clinic/clinic/
[Tue May 10 12:45:04.843239 2022] [php:warn] [pid 4972:tid 1208] [client ::1:60190] PHP Warning:  Trying to access array offset on value of type null in C:\\OpenServer\\domains\\usbwebserver\\myproject\\project\\views\\clinic\\index.php on line 7, referer: http://localhost/clinic/clinic/
[Tue May 10 12:46:18.524190 2022] [php:warn] [pid 4972:tid 1220] [client ::1:60194] PHP Warning:  Undefined variable $clinic in C:\\OpenServer\\domains\\usbwebserver\\myproject\\project\\views\\clinic\\index.php on line 8, referer: http://localhost/clinic/clinic/
[Tue May 10 12:46:18.524190 2022] [php:warn] [pid 4972:tid 1220] [client ::1:60194] PHP Warning:  Trying to access array offset on value of type null in C:\\OpenServer\\domains\\usbwebserver\\myproject\\project\\views\\clinic\\index.php on line 8, referer: http://localhost/clinic/clinic/
[Tue May 10 12:46:18.524190 2022] [php:warn] [pid 4972:tid 1220] [client ::1:60194] PHP Warning:  Undefined variable $clinic in C:\\OpenServer\\domains\\usbwebserver\\myproject\\project\\views\\clinic\\index.php on line 8, referer: http://localhost/clinic/clinic/
[Tue May 10 12:46:18.524190 2022] [php:warn] [pid 4972:tid 1220] [client ::1:60194] PHP Warning:  Trying to access array offset on value of type null in C:\\OpenServer\\domains\\usbwebserver\\myproject\\project\\views\\clinic\\index.php on line 8, referer: http://localhost/clinic/clinic/
[Tue May 10 12:48:37.139435 2022] [php:warn] [pid 4972:tid 1208] [client ::1:60198] PHP Warning:  Undefined variable $clinic in C:\\OpenServer\\domains\\usbwebserver\\myproject\\project\\views\\clinic\\index.php on line 8, referer: http://localhost/clinic/clinic/
[Tue May 10 12:48:37.139435 2022] [php:warn] [pid 4972:tid 1208] [client ::1:60198] PHP Warning:  Trying to access array offset on value of type null in C:\\OpenServer\\domains\\usbwebserver\\myproject\\project\\views\\clinic\\index.php on line 8, referer: http://localhost/clinic/clinic/
[Tue May 10 12:48:37.139435 2022] [php:warn] [pid 4972:tid 1208] [client ::1:60198] PHP Warning:  Undefined variable $clinic in C:\\OpenServer\\domains\\usbwebserver\\myproject\\project\\views\\clinic\\index.php on line 8, referer: http://localhost/clinic/clinic/
[Tue May 10 12:48:37.139435 2022] [php:warn] [pid 4972:tid 1208] [client ::1:60198] PHP Warning:  Trying to access array offset on value of type null in C:\\OpenServer\\domains\\usbwebserver\\myproject\\project\\views\\clinic\\index.php on line 8, referer: http://localhost/clinic/clinic/
[Tue May 10 12:50:23.429863 2022] [php:warn] [pid 4972:tid 1208] [client ::1:60202] PHP Warning:  Undefined variable $clinic in C:\\OpenServer\\domains\\usbwebserver\\myproject\\project\\views\\clinic\\index.php on line 8, referer: http://localhost/clinic/clinic/
[Tue May 10 12:50:23.429863 2022] [php:warn] [pid 4972:tid 1208] [client ::1:60202] PHP Warning:  Trying to access array offset on value of type null in C:\\OpenServer\\domains\\usbwebserver\\myproject\\project\\views\\clinic\\index.php on line 8, referer: http://localhost/clinic/clinic/
[Tue May 10 12:50:23.430861 2022] [php:warn] [pid 4972:tid 1208] [client ::1:60202] PHP Warning:  Undefined variable $clinic in C:\\OpenServer\\domains\\usbwebserver\\myproject\\project\\views\\clinic\\index.php on line 8, referer: http://localhost/clinic/clinic/
[Tue May 10 12:50:23.430861 2022] [php:warn] [pid 4972:tid 1208] [client ::1:60202] PHP Warning:  Trying to access array offset on value of type null in C:\\OpenServer\\domains\\usbwebserver\\myproject\\project\\views\\clinic\\index.php on line 8, referer: http://localhost/clinic/clinic/
[Tue May 10 12:51:21.162983 2022] [php:warn] [pid 4972:tid 1220] [client ::1:60201] PHP Warning:  Undefined variable $clin in C:\\OpenServer\\domains\\usbwebserver\\myproject\\project\\views\\clinic\\index.php on line 8, referer: http://localhost/clinic/clinic/
[Tue May 10 12:51:21.162983 2022] [php:warn] [pid 4972:tid 1220] [client ::1:60201] PHP Warning:  Trying to access array offset on value of type null in C:\\OpenServer\\domains\\usbwebserver\\myproject\\project\\views\\clinic\\index.php on line 8, referer: http://localhost/clinic/clinic/
[Tue May 10 12:51:21.162983 2022] [php:warn] [pid 4972:tid 1220] [client ::1:60201] PHP Warning:  Undefined variable $clin in C:\\OpenServer\\domains\\usbwebserver\\myproject\\project\\views\\clinic\\index.php on line 8, referer: http://localhost/clinic/clinic/
[Tue May 10 12:51:21.162983 2022] [php:warn] [pid 4972:tid 1220] [client ::1:60201] PHP Warning:  Trying to access array offset on value of type null in C:\\OpenServer\\domains\\usbwebserver\\myproject\\project\\views\\clinic\\index.php on line 8, referer: http://localhost/clinic/clinic/
[Tue May 10 12:52:33.690969 2022] [php:warn] [pid 4972:tid 1220] [client ::1:60209] PHP Warning:  Undefined variable $clinic in C:\\OpenServer\\domains\\usbwebserver\\myproject\\project\\views\\clinic\\index.php on line 8, referer: http://localhost/clinic/clinic/
[Tue May 10 12:52:33.690969 2022] [php:warn] [pid 4972:tid 1220] [client ::1:60209] PHP Warning:  Trying to access array offset on value of type null in C:\\OpenServer\\domains\\usbwebserver\\myproject\\project\\views\\clinic\\index.php on line 8, referer: http://localhost/clinic/clinic/
[Tue May 10 12:52:33.690969 2022] [php:warn] [pid 4972:tid 1220] [client ::1:60209] PHP Warning:  Undefined variable $clinic in C:\\OpenServer\\domains\\usbwebserver\\myproject\\project\\views\\clinic\\index.php on line 8, referer: http://localhost/clinic/clinic/
[Tue May 10 12:52:33.690969 2022] [php:warn] [pid 4972:tid 1220] [client ::1:60209] PHP Warning:  Trying to access array offset on value of type null in C:\\OpenServer\\domains\\usbwebserver\\myproject\\project\\views\\clinic\\index.php on line 8, referer: http://localhost/clinic/clinic/
[Tue May 10 12:54:27.532040 2022] [php:warn] [pid 4972:tid 1208] [client ::1:60227] PHP Warning:  Undefined variable $clinic in C:\\OpenServer\\domains\\usbwebserver\\myproject\\project\\views\\clinic\\index.php on line 8, referer: http://localhost/clinic/clinic/
[Tue May 10 12:56:57.574657 2022] [php:warn] [pid 4972:tid 1208] [client ::1:60233] PHP Warning:  Undefined variable $clinic in C:\\OpenServer\\domains\\usbwebserver\\myproject\\project\\views\\clinic\\index.php on line 8, referer: http://localhost/clinic/clinic/
[Tue May 10 12:57:45.752770 2022] [php:error] [pid 4972:tid 1220] [client ::1:60237] PHP Parse error:  syntax error, unexpected end of file in C:\\OpenServer\\domains\\usbwebserver\\myproject\\project\\views\\clinic\\index.php on line 73, referer: http://localhost/clinic/clinic/
[Tue May 10 12:59:20.419932 2022] [php:error] [pid 4972:tid 1208] [client ::1:60242] PHP Parse error:  syntax error, unexpected end of file in C:\\OpenServer\\domains\\usbwebserver\\myproject\\project\\views\\clinic\\index.php on line 73, referer: http://localhost/clinic/clinic/
[Tue May 10 12:59:45.682392 2022] [php:error] [pid 4972:tid 1220] [client ::1:60245] PHP Parse error:  syntax error, unexpected end of file in C:\\OpenServer\\domains\\usbwebserver\\myproject\\project\\views\\clinic\\index.php on line 73, referer: http://localhost/clinic/clinic/
[Tue May 10 13:00:44.798400 2022] [php:error] [pid 4972:tid 1208] [client ::1:60251] PHP Parse error:  syntax error, unexpected end of file in C:\\OpenServer\\domains\\usbwebserver\\myproject\\project\\views\\clinic\\index.php on line 73, referer: http://localhost/clinic/clinic/
[Tue May 10 13:01:21.713266 2022] [php:error] [pid 4972:tid 1220] [client ::1:60254] PHP Parse error:  syntax error, unexpected end of file in C:\\OpenServer\\domains\\usbwebserver\\myproject\\project\\views\\clinic\\index.php on line 73, referer: http://localhost/clinic/clinic/
[Tue May 10 13:01:45.112008 2022] [php:error] [pid 4972:tid 1208] [client ::1:60257] PHP Parse error:  syntax error, unexpected end of file in C:\\OpenServer\\domains\\usbwebserver\\myproject\\project\\views\\clinic\\index.php on line 73, referer: http://localhost/clinic/clinic/
[Tue May 10 13:02:35.005711 2022] [php:warn] [pid 4972:tid 1220] [client ::1:60261] PHP Warning:  Undefined variable $clinic in C:\\OpenServer\\domains\\usbwebserver\\myproject\\project\\views\\clinic\\index.php on line 8, referer: http://localhost/clinic/clinic/
[Tue May 10 13:02:35.005711 2022] [php:warn] [pid 4972:tid 1220] [client ::1:60261] PHP Warning:  Trying to access array offset on value of type null in C:\\OpenServer\\domains\\usbwebserver\\myproject\\project\\views\\clinic\\index.php on line 8, referer: http://localhost/clinic/clinic/
[Tue May 10 13:03:12.390554 2022] [php:error] [pid 4972:tid 1208] [client ::1:60264] PHP Parse error:  Unclosed '{' on line 7 in C:\\OpenServer\\domains\\usbwebserver\\myproject\\project\\views\\clinic\\index.php on line 75, referer: http://localhost/clinic/clinic/
[Tue May 10 13:32:11.111958 2022] [php:error] [pid 4972:tid 1208] [client ::1:60424] PHP Parse error:  Unclosed '{' on line 6 in C:\\OpenServer\\domains\\usbwebserver\\myproject\\project\\models\\ClinicManager.php on line 29, referer: http://localhost/clinic/clinic/
[Tue May 10 13:43:29.438040 2022] [php:warn] [pid 4972:tid 1208] [client ::1:60477] PHP Warning:  Undefined array key "getAllPer" in C:\\OpenServer\\domains\\usbwebserver\\myproject\\project\\controllers\\ClinicController.php on line 106, referer: http://localhost/clinic/clinic/
[Tue May 10 13:48:23.244758 2022] [php:error] [pid 4972:tid 1220] [client ::1:60500] PHP Parse error:  syntax error, unexpected identifier "h1", expecting "]" in C:\\OpenServer\\domains\\usbwebserver\\myproject\\project\\controllers\\ClinicController.php on line 117, referer: http://localhost/clinic/clinic/
[Tue May 10 13:49:16.212957 2022] [php:warn] [pid 4972:tid 1208] [client ::1:60501] PHP Warning:  Undefined array key "getAllPer" in C:\\OpenServer\\domains\\usbwebserver\\myproject\\project\\controllers\\ClinicController.php on line 106, referer: http://localhost/clinic/clinic/
[Tue May 10 14:34:25.961270 2022] [php:warn] [pid 4972:tid 1208] [client ::1:61136] PHP Warning:  Undefined array key "idPerson" in C:\\OpenServer\\domains\\usbwebserver\\myproject\\project\\controllers\\ClinicController.php on line 123, referer: http://localhost/clinic/clinic/
[Tue May 10 14:34:25.972195 2022] [php:warn] [pid 4972:tid 1208] [client ::1:61136] PHP Warning:  Trying to access array offset on value of type null in C:\\OpenServer\\domains\\usbwebserver\\myproject\\project\\views\\clinic\\index.php on line 43, referer: http://localhost/clinic/clinic/
[Tue May 10 14:34:25.972195 2022] [php:warn] [pid 4972:tid 1208] [client ::1:61136] PHP Warning:  Trying to access array offset on value of type null in C:\\OpenServer\\domains\\usbwebserver\\myproject\\project\\views\\clinic\\index.php on line 44, referer: http://localhost/clinic/clinic/
[Tue May 10 14:34:25.972195 2022] [php:warn] [pid 4972:tid 1208] [client ::1:61136] PHP Warning:  Trying to access array offset on value of type null in C:\\OpenServer\\domains\\usbwebserver\\myproject\\project\\views\\clinic\\index.php on line 45, referer: http://localhost/clinic/clinic/
[Tue May 10 14:34:25.972195 2022] [php:warn] [pid 4972:tid 1208] [client ::1:61136] PHP Warning:  Trying to access array offset on value of type null in C:\\OpenServer\\domains\\usbwebserver\\myproject\\project\\views\\clinic\\index.php on line 46, referer: http://localhost/clinic/clinic/
[Tue May 10 14:34:25.973189 2022] [php:warn] [pid 4972:tid 1208] [client ::1:61136] PHP Warning:  Trying to access array offset on value of type null in C:\\OpenServer\\domains\\usbwebserver\\myproject\\project\\views\\clinic\\index.php on line 47, referer: http://localhost/clinic/clinic/
[Tue May 10 14:34:25.973189 2022] [php:warn] [pid 4972:tid 1208] [client ::1:61136] PHP Warning:  Trying to access array offset on value of type null in C:\\OpenServer\\domains\\usbwebserver\\myproject\\project\\views\\clinic\\index.php on line 48, referer: http://localhost/clinic/clinic/
[Tue May 10 14:34:25.973189 2022] [php:warn] [pid 4972:tid 1208] [client ::1:61136] PHP Warning:  Trying to access array offset on value of type null in C:\\OpenServer\\domains\\usbwebserver\\myproject\\project\\views\\clinic\\index.php on line 49, referer: http://localhost/clinic/clinic/
[Tue May 10 14:34:25.973189 2022] [php:warn] [pid 4972:tid 1208] [client ::1:61136] PHP Warning:  Trying to access array offset on value of type null in C:\\OpenServer\\domains\\usbwebserver\\myproject\\project\\views\\clinic\\index.php on line 50, referer: http://localhost/clinic/clinic/
[Tue May 10 14:34:25.973189 2022] [php:warn] [pid 4972:tid 1208] [client ::1:61136] PHP Warning:  Trying to access array offset on value of type null in C:\\OpenServer\\domains\\usbwebserver\\myproject\\project\\views\\clinic\\index.php on line 51, referer: http://localhost/clinic/clinic/
[Tue May 10 14:34:25.973189 2022] [php:warn] [pid 4972:tid 1208] [client ::1:61136] PHP Warning:  Trying to access array offset on value of type null in C:\\OpenServer\\domains\\usbwebserver\\myproject\\project\\views\\clinic\\index.php on line 52, referer: http://localhost/clinic/clinic/
[Tue May 10 14:36:50.378969 2022] [php:warn] [pid 4972:tid 1208] [client ::1:61168] PHP Warning:  Trying to access array offset on value of type null in C:\\OpenServer\\domains\\usbwebserver\\myproject\\project\\views\\clinic\\index.php on line 43, referer: http://localhost/clinic/clinic/
[Tue May 10 14:36:50.379963 2022] [php:warn] [pid 4972:tid 1208] [client ::1:61168] PHP Warning:  Trying to access array offset on value of type null in C:\\OpenServer\\domains\\usbwebserver\\myproject\\project\\views\\clinic\\index.php on line 44, referer: http://localhost/clinic/clinic/
[Tue May 10 14:36:50.379963 2022] [php:warn] [pid 4972:tid 1208] [client ::1:61168] PHP Warning:  Trying to access array offset on value of type null in C:\\OpenServer\\domains\\usbwebserver\\myproject\\project\\views\\clinic\\index.php on line 45, referer: http://localhost/clinic/clinic/
[Tue May 10 14:36:50.379963 2022] [php:warn] [pid 4972:tid 1208] [client ::1:61168] PHP Warning:  Trying to access array offset on value of type null in C:\\OpenServer\\domains\\usbwebserver\\myproject\\project\\views\\clinic\\index.php on line 46, referer: http://localhost/clinic/clinic/
[Tue May 10 14:36:50.380960 2022] [php:warn] [pid 4972:tid 1208] [client ::1:61168] PHP Warning:  Trying to access array offset on value of type null in C:\\OpenServer\\domains\\usbwebserver\\myproject\\project\\views\\clinic\\index.php on line 47, referer: http://localhost/clinic/clinic/
[Tue May 10 14:36:50.380960 2022] [php:warn] [pid 4972:tid 1208] [client ::1:61168] PHP Warning:  Trying to access array offset on value of type null in C:\\OpenServer\\domains\\usbwebserver\\myproject\\project\\views\\clinic\\index.php on line 48, referer: http://localhost/clinic/clinic/
[Tue May 10 14:36:50.380960 2022] [php:warn] [pid 4972:tid 1208] [client ::1:61168] PHP Warning:  Trying to access array offset on value of type null in C:\\OpenServer\\domains\\usbwebserver\\myproject\\project\\views\\clinic\\index.php on line 49, referer: http://localhost/clinic/clinic/
[Tue May 10 14:36:50.380960 2022] [php:warn] [pid 4972:tid 1208] [client ::1:61168] PHP Warning:  Trying to access array offset on value of type null in C:\\OpenServer\\domains\\usbwebserver\\myproject\\project\\views\\clinic\\index.php on line 50, referer: http://localhost/clinic/clinic/
[Tue May 10 14:36:50.380960 2022] [php:warn] [pid 4972:tid 1208] [client ::1:61168] PHP Warning:  Trying to access array offset on value of type null in C:\\OpenServer\\domains\\usbwebserver\\myproject\\project\\views\\clinic\\index.php on line 51, referer: http://localhost/clinic/clinic/
[Tue May 10 14:36:50.380960 2022] [php:warn] [pid 4972:tid 1208] [client ::1:61168] PHP Warning:  Trying to access array offset on value of type null in C:\\OpenServer\\domains\\usbwebserver\\myproject\\project\\views\\clinic\\index.php on line 52, referer: http://localhost/clinic/clinic/
[Tue May 10 14:39:46.014591 2022] [php:warn] [pid 4972:tid 1208] [client ::1:61196] PHP Warning:  Trying to access array offset on value of type null in C:\\OpenServer\\domains\\usbwebserver\\myproject\\project\\views\\clinic\\index.php on line 43, referer: http://localhost/clinic/clinic/
[Tue May 10 14:39:46.014591 2022] [php:warn] [pid 4972:tid 1208] [client ::1:61196] PHP Warning:  Trying to access array offset on value of type null in C:\\OpenServer\\domains\\usbwebserver\\myproject\\project\\views\\clinic\\index.php on line 44, referer: http://localhost/clinic/clinic/
[Tue May 10 14:39:46.014591 2022] [php:warn] [pid 4972:tid 1208] [client ::1:61196] PHP Warning:  Trying to access array offset on value of type null in C:\\OpenServer\\domains\\usbwebserver\\myproject\\project\\views\\clinic\\index.php on line 45, referer: http://localhost/clinic/clinic/
[Tue May 10 14:39:46.014591 2022] [php:warn] [pid 4972:tid 1208] [client ::1:61196] PHP Warning:  Trying to access array offset on value of type null in C:\\OpenServer\\domains\\usbwebserver\\myproject\\project\\views\\clinic\\index.php on line 46, referer: http://localhost/clinic/clinic/
[Tue May 10 14:39:46.014591 2022] [php:warn] [pid 4972:tid 1208] [client ::1:61196] PHP Warning:  Trying to access array offset on value of type null in C:\\OpenServer\\domains\\usbwebserver\\myproject\\project\\views\\clinic\\index.php on line 47, referer: http://localhost/clinic/clinic/
[Tue May 10 14:39:46.014591 2022] [php:warn] [pid 4972:tid 1208] [client ::1:61196] PHP Warning:  Trying to access array offset on value of type null in C:\\OpenServer\\domains\\usbwebserver\\myproject\\project\\views\\clinic\\index.php on line 48, referer: http://localhost/clinic/clinic/
[Tue May 10 14:39:46.014591 2022] [php:warn] [pid 4972:tid 1208] [client ::1:61196] PHP Warning:  Trying to access array offset on value of type null in C:\\OpenServer\\domains\\usbwebserver\\myproject\\project\\views\\clinic\\index.php on line 49, referer: http://localhost/clinic/clinic/
[Tue May 10 14:39:46.014591 2022] [php:warn] [pid 4972:tid 1208] [client ::1:61196] PHP Warning:  Trying to access array offset on value of type null in C:\\OpenServer\\domains\\usbwebserver\\myproject\\project\\views\\clinic\\index.php on line 50, referer: http://localhost/clinic/clinic/
[Tue May 10 14:39:46.014591 2022] [php:warn] [pid 4972:tid 1208] [client ::1:61196] PHP Warning:  Trying to access array offset on value of type null in C:\\OpenServer\\domains\\usbwebserver\\myproject\\project\\views\\clinic\\index.php on line 51, referer: http://localhost/clinic/clinic/
[Tue May 10 14:39:46.014591 2022] [php:warn] [pid 4972:tid 1208] [client ::1:61196] PHP Warning:  Trying to access array offset on value of type null in C:\\OpenServer\\domains\\usbwebserver\\myproject\\project\\views\\clinic\\index.php on line 52, referer: http://localhost/clinic/clinic/
[Tue May 10 14:42:17.452810 2022] [php:warn] [pid 4972:tid 1220] [client ::1:61226] PHP Warning:  Trying to access array offset on value of type null in C:\\OpenServer\\domains\\usbwebserver\\myproject\\project\\views\\clinic\\index.php on line 43, referer: http://localhost/clinic/clinic/
[Tue May 10 14:42:17.452810 2022] [php:warn] [pid 4972:tid 1220] [client ::1:61226] PHP Warning:  Trying to access array offset on value of type null in C:\\OpenServer\\domains\\usbwebserver\\myproject\\project\\views\\clinic\\index.php on line 44, referer: http://localhost/clinic/clinic/
[Tue May 10 14:42:17.452810 2022] [php:warn] [pid 4972:tid 1220] [client ::1:61226] PHP Warning:  Trying to access array offset on value of type null in C:\\OpenServer\\domains\\usbwebserver\\myproject\\project\\views\\clinic\\index.php on line 45, referer: http://localhost/clinic/clinic/
[Tue May 10 14:42:17.452810 2022] [php:warn] [pid 4972:tid 1220] [client ::1:61226] PHP Warning:  Trying to access array offset on value of type null in C:\\OpenServer\\domains\\usbwebserver\\myproject\\project\\views\\clinic\\index.php on line 46, referer: http://localhost/clinic/clinic/
[Tue May 10 14:42:17.452810 2022] [php:warn] [pid 4972:tid 1220] [client ::1:61226] PHP Warning:  Trying to access array offset on value of type null in C:\\OpenServer\\domains\\usbwebserver\\myproject\\project\\views\\clinic\\index.php on line 47, referer: http://localhost/clinic/clinic/
[Tue May 10 14:42:17.452810 2022] [php:warn] [pid 4972:tid 1220] [client ::1:61226] PHP Warning:  Trying to access array offset on value of type null in C:\\OpenServer\\domains\\usbwebserver\\myproject\\project\\views\\clinic\\index.php on line 48, referer: http://localhost/clinic/clinic/
[Tue May 10 14:42:17.452810 2022] [php:warn] [pid 4972:tid 1220] [client ::1:61226] PHP Warning:  Trying to access array offset on value of type null in C:\\OpenServer\\domains\\usbwebserver\\myproject\\project\\views\\clinic\\index.php on line 49, referer: http://localhost/clinic/clinic/
[Tue May 10 14:42:17.453802 2022] [php:warn] [pid 4972:tid 1220] [client ::1:61226] PHP Warning:  Trying to access array offset on value of type null in C:\\OpenServer\\domains\\usbwebserver\\myproject\\project\\views\\clinic\\index.php on line 50, referer: http://localhost/clinic/clinic/
[Tue May 10 14:42:17.453802 2022] [php:warn] [pid 4972:tid 1220] [client ::1:61226] PHP Warning:  Trying to access array offset on value of type null in C:\\OpenServer\\domains\\usbwebserver\\myproject\\project\\views\\clinic\\index.php on line 51, referer: http://localhost/clinic/clinic/
[Tue May 10 14:42:17.453802 2022] [php:warn] [pid 4972:tid 1220] [client ::1:61226] PHP Warning:  Trying to access array offset on value of type null in C:\\OpenServer\\domains\\usbwebserver\\myproject\\project\\views\\clinic\\index.php on line 52, referer: http://localhost/clinic/clinic/
[Tue May 10 14:43:05.340098 2022] [php:error] [pid 4972:tid 1208] [client ::1:61234] PHP Parse error:  Unclosed '[' does not match ')' in C:\\OpenServer\\domains\\usbwebserver\\myproject\\project\\controllers\\ClinicController.php on line 125, referer: http://localhost/clinic/clinic/
[Tue May 10 21:25:10.174176 2022] [php:warn] [pid 4972:tid 1208] [client ::1:53132] PHP Warning:  Undefined array key "user" in C:\\OpenServer\\domains\\usbwebserver\\myproject\\project\\controllers\\ClinicController.php on line 100, referer: http://localhost/clinic/clinic/
[Tue May 10 21:25:20.569523 2022] [php:warn] [pid 4972:tid 1216] [client ::1:53135] PHP Warning:  Undefined array key "id" in C:\\OpenServer\\domains\\usbwebserver\\myproject\\project\\views\\clinic\\index.php on line 9, referer: http://localhost/clinic/auth/
[Tue May 10 21:25:20.569523 2022] [php:warn] [pid 4972:tid 1216] [client ::1:53135] PHP Warning:  Undefined array key "id" in C:\\OpenServer\\domains\\usbwebserver\\myproject\\project\\views\\clinic\\index.php on line 9, referer: http://localhost/clinic/auth/
[Tue May 10 21:25:20.569523 2022] [php:warn] [pid 4972:tid 1216] [client ::1:53135] PHP Warning:  Undefined array key "id" in C:\\OpenServer\\domains\\usbwebserver\\myproject\\project\\views\\clinic\\index.php on line 9, referer: http://localhost/clinic/auth/
[Tue May 10 21:39:06.520255 2022] [php:warn] [pid 4972:tid 1208] [client ::1:53243] PHP Warning:  Undefined array key "id" in C:\\OpenServer\\domains\\usbwebserver\\myproject\\project\\views\\clinic\\index.php on line 40, referer: http://localhost/clinic/clinic/
[Tue May 10 21:39:06.520255 2022] [php:warn] [pid 4972:tid 1208] [client ::1:53243] PHP Warning:  Undefined array key "work" in C:\\OpenServer\\domains\\usbwebserver\\myproject\\project\\views\\clinic\\index.php on line 48, referer: http://localhost/clinic/clinic/
[Tue May 10 21:39:06.520255 2022] [php:warn] [pid 4972:tid 1208] [client ::1:53243] PHP Warning:  Undefined array key "short_name" in C:\\OpenServer\\domains\\usbwebserver\\myproject\\project\\views\\clinic\\index.php on line 49, referer: http://localhost/clinic/clinic/
[Tue May 10 21:39:41.564846 2022] [php:warn] [pid 4972:tid 1216] [client ::1:53242] PHP Warning:  Undefined array key "work" in C:\\OpenServer\\domains\\usbwebserver\\myproject\\project\\views\\clinic\\index.php on line 48, referer: http://localhost/clinic/clinic/
[Tue May 10 21:39:41.564846 2022] [php:warn] [pid 4972:tid 1216] [client ::1:53242] PHP Warning:  Undefined array key "short_name" in C:\\OpenServer\\domains\\usbwebserver\\myproject\\project\\views\\clinic\\index.php on line 49, referer: http://localhost/clinic/clinic/
[Tue May 10 21:39:47.086449 2022] [php:warn] [pid 4972:tid 1216] [client ::1:53242] PHP Warning:  Undefined array key "work" in C:\\OpenServer\\domains\\usbwebserver\\myproject\\project\\views\\clinic\\index.php on line 48, referer: http://localhost/clinic/clinic/
[Tue May 10 21:39:47.086449 2022] [php:warn] [pid 4972:tid 1216] [client ::1:53242] PHP Warning:  Undefined array key "short_name" in C:\\OpenServer\\domains\\usbwebserver\\myproject\\project\\views\\clinic\\index.php on line 49, referer: http://localhost/clinic/clinic/
[Tue May 10 21:40:53.612486 2022] [php:warn] [pid 4972:tid 1216] [client ::1:53252] PHP Warning:  Undefined array key "work" in C:\\OpenServer\\domains\\usbwebserver\\myproject\\project\\views\\clinic\\index.php on line 48, referer: http://localhost/clinic/clinic/
[Tue May 10 21:40:53.612486 2022] [php:warn] [pid 4972:tid 1216] [client ::1:53252] PHP Warning:  Undefined array key "short_name" in C:\\OpenServer\\domains\\usbwebserver\\myproject\\project\\views\\clinic\\index.php on line 49, referer: http://localhost/clinic/clinic/
[Tue May 10 21:41:20.872814 2022] [php:warn] [pid 4972:tid 1208] [client ::1:53255] PHP Warning:  Undefined array key "short_name" in C:\\OpenServer\\domains\\usbwebserver\\myproject\\project\\views\\clinic\\index.php on line 49, referer: http://localhost/clinic/clinic/
[Tue May 10 21:47:07.875726 2022] [php:warn] [pid 4972:tid 1208] [client ::1:53396] PHP Warning:  Undefined array key "work" in C:\\OpenServer\\domains\\usbwebserver\\myproject\\project\\views\\clinic\\index.php on line 47, referer: http://localhost/clinic/clinic/
[Tue May 10 21:47:07.875726 2022] [php:warn] [pid 4972:tid 1208] [client ::1:53396] PHP Warning:  Undefined array key "work" in C:\\OpenServer\\domains\\usbwebserver\\myproject\\project\\views\\clinic\\index.php on line 47, referer: http://localhost/clinic/clinic/
[Tue May 10 21:47:07.875726 2022] [php:warn] [pid 4972:tid 1208] [client ::1:53396] PHP Warning:  Undefined array key "work" in C:\\OpenServer\\domains\\usbwebserver\\myproject\\project\\views\\clinic\\index.php on line 47, referer: http://localhost/clinic/clinic/
[Tue May 10 21:47:54.590395 2022] [php:warn] [pid 4972:tid 1208] [client ::1:53398] PHP Warning:  Undefined array key "id" in C:\\OpenServer\\domains\\usbwebserver\\myproject\\project\\views\\clinic\\index.php on line 68, referer: http://localhost/clinic/clinic/
[Tue May 10 21:47:54.590395 2022] [php:warn] [pid 4972:tid 1208] [client ::1:53398] PHP Warning:  Undefined array key "id" in C:\\OpenServer\\domains\\usbwebserver\\myproject\\project\\views\\clinic\\index.php on line 68, referer: http://localhost/clinic/clinic/
[Tue May 10 21:47:54.590395 2022] [php:warn] [pid 4972:tid 1208] [client ::1:53398] PHP Warning:  Undefined array key "id" in C:\\OpenServer\\domains\\usbwebserver\\myproject\\project\\views\\clinic\\index.php on line 68, referer: http://localhost/clinic/clinic/
[Tue May 10 22:51:51.329141 2022] [php:error] [pid 4972:tid 1216] [client ::1:53787] PHP Fatal error:  Uncaught Error: Call to undefined method Project\\Models\\ClinicManager::setOnePers() in C:\\OpenServer\\domains\\usbwebserver\\myproject\\project\\controllers\\ClinicController.php:131\nStack trace:\n#0 C:\\OpenServer\\domains\\usbwebserver\\myproject\\core\\Dispatcher.php(15): Project\\Controllers\\ClinicController->manager(Array)\n#1 C:\\OpenServer\\domains\\usbwebserver\\myproject\\index.php(33): Core\\Dispatcher->getPage(Object(Core\\Track))\n#2 {main}\n  thrown in C:\\OpenServer\\domains\\usbwebserver\\myproject\\project\\controllers\\ClinicController.php on line 131, referer: http://localhost/clinic/clinic/
[Tue May 10 22:53:24.282001 2022] [php:warn] [pid 4972:tid 1216] [client ::1:53817] PHP Warning:  Undefined array key "professionPer" in C:\\OpenServer\\domains\\usbwebserver\\myproject\\project\\controllers\\ClinicController.php on line 131, referer: http://localhost/clinic/clinic/
[Tue May 10 22:53:24.282001 2022] [php:warn] [pid 4972:tid 1216] [client ::1:53817] PHP Warning:  Undefined array key "uniqueKeyPer" in C:\\OpenServer\\domains\\usbwebserver\\myproject\\project\\controllers\\ClinicController.php on line 131, referer: http://localhost/clinic/clinic/
[Tue May 10 22:53:24.282994 2022] [php:warn] [pid 4972:tid 1216] [client ::1:53817] PHP Warning:  Undefined array key "dateEndPer" in C:\\OpenServer\\domains\\usbwebserver\\myproject\\project\\controllers\\ClinicController.php on line 132, referer: http://localhost/clinic/clinic/
[Tue May 10 22:57:58.840495 2022] [php:warn] [pid 4972:tid 1208] [client ::1:53836] PHP Warning:  Undefined array key "professionPer" in C:\\OpenServer\\domains\\usbwebserver\\myproject\\project\\controllers\\ClinicController.php on line 131, referer: http://localhost/clinic/clinic/
[Tue May 10 22:58:20.205042 2022] [php:warn] [pid 4972:tid 1208] [client ::1:53838] PHP Warning:  Undefined array key "professionPer" in C:\\OpenServer\\domains\\usbwebserver\\myproject\\project\\controllers\\ClinicController.php on line 131, referer: http://localhost/clinic/clinic/
[Tue May 10 22:59:59.976655 2022] [php:warn] [pid 4972:tid 1216] [client ::1:53856] PHP Warning:  Undefined array key "professionPer" in C:\\OpenServer\\domains\\usbwebserver\\myproject\\project\\controllers\\ClinicController.php on line 131, referer: http://localhost/clinic/clinic/
[Tue May 10 23:20:57.112966 2022] [php:error] [pid 4972:tid 1216] [client ::1:53976] PHP Parse error:  syntax error, unexpected token "}", expecting ";" in C:\\OpenServer\\domains\\usbwebserver\\myproject\\project\\controllers\\ClinicController.php on line 141, referer: http://localhost/clinic/clinic/
[Wed May 11 00:47:30.721484 2022] [php:error] [pid 4972:tid 1208] [client ::1:54393] PHP Parse error:  Unclosed '{' on line 8 in C:\\OpenServer\\domains\\usbwebserver\\myproject\\project\\controllers\\ClinicController.php on line 154, referer: http://localhost/clinic/clinic/
[Wed May 11 00:50:42.096534 2022] [php:error] [pid 4972:tid 1208] [client ::1:54425] PHP Parse error:  syntax error, unexpected token "!" in C:\\OpenServer\\domains\\usbwebserver\\myproject\\project\\controllers\\ClinicController.php on line 148
[Wed May 11 00:51:03.273802 2022] [php:error] [pid 4972:tid 1208] [client ::1:54431] PHP Parse error:  syntax error, unexpected token "{" in C:\\OpenServer\\domains\\usbwebserver\\myproject\\project\\controllers\\ClinicController.php on line 148
[Wed May 11 02:10:49.686050 2022] [php:error] [pid 4972:tid 1220] [client ::1:54932] PHP Fatal error:  Uncaught Error: Call to undefined method Project\\Models\\ClinicManager::setOneCli() in C:\\OpenServer\\domains\\usbwebserver\\myproject\\project\\controllers\\ClinicController.php:131\nStack trace:\n#0 C:\\OpenServer\\domains\\usbwebserver\\myproject\\core\\Dispatcher.php(15): Project\\Controllers\\ClinicController->manager(Array)\n#1 C:\\OpenServer\\domains\\usbwebserver\\myproject\\index.php(33): Core\\Dispatcher->getPage(Object(Core\\Track))\n#2 {main}\n  thrown in C:\\OpenServer\\domains\\usbwebserver\\myproject\\project\\controllers\\ClinicController.php on line 131, referer: http://localhost/clinic/clinic/
[Wed May 11 02:13:41.201715 2022] [php:error] [pid 4972:tid 1220] [client ::1:54954] PHP Fatal error:  Uncaught Error: Call to undefined method Project\\Models\\ClinicManager::setOneCli() in C:\\OpenServer\\domains\\usbwebserver\\myproject\\project\\controllers\\ClinicController.php:131\nStack trace:\n#0 C:\\OpenServer\\domains\\usbwebserver\\myproject\\core\\Dispatcher.php(15): Project\\Controllers\\ClinicController->manager(Array)\n#1 C:\\OpenServer\\domains\\usbwebserver\\myproject\\index.php(33): Core\\Dispatcher->getPage(Object(Core\\Track))\n#2 {main}\n  thrown in C:\\OpenServer\\domains\\usbwebserver\\myproject\\project\\controllers\\ClinicController.php on line 131, referer: http://localhost/clinic/clinic/
[Wed May 11 02:24:00.633414 2022] [php:error] [pid 4972:tid 1204] [client ::1:55003] PHP Parse error:  syntax error, unexpected token "{" in C:\\OpenServer\\domains\\usbwebserver\\myproject\\project\\controllers\\ClinicController.php on line 130, referer: http://localhost/clinic/clinic/
[Wed May 11 02:25:07.760542 2022] [php:error] [pid 4972:tid 1220] [client ::1:55009] PHP Parse error:  syntax error, unexpected token "{" in C:\\OpenServer\\domains\\usbwebserver\\myproject\\project\\controllers\\ClinicController.php on line 132, referer: http://localhost/clinic/clinic/
[Wed May 11 03:40:30.993775 2022] [php:error] [pid 4972:tid 1220] [client ::1:55703] PHP Fatal error:  Cannot redeclare Project\\Models\\ClinicManager::upOnePers() in C:\\OpenServer\\domains\\usbwebserver\\myproject\\project\\models\\ClinicManager.php on line 88, referer: http://localhost/clinic/clinic/
[Wed May 11 03:41:22.752851 2022] [php:error] [pid 4972:tid 1204] [client ::1:55702] PHP Fatal error:  Cannot redeclare Project\\Models\\ClinicManager::upOnePers() in C:\\OpenServer\\domains\\usbwebserver\\myproject\\project\\models\\ClinicManager.php on line 88, referer: http://localhost/clinic/clinic/
[Wed May 11 04:28:42.723976 2022] [php:error] [pid 4972:tid 1220] [client ::1:55927] PHP Parse error:  syntax error, unexpected token "}" in C:\\OpenServer\\domains\\usbwebserver\\myproject\\project\\controllers\\ClinicController.php on line 159, referer: http://localhost/clinic/clinic/
[Wed May 11 04:30:49.474031 2022] [php:error] [pid 4972:tid 1204] [client ::1:55943] PHP Fatal error:  Uncaught Error: Call to undefined method Project\\Models\\ClinicManager::addPerCli() in C:\\OpenServer\\domains\\usbwebserver\\myproject\\project\\controllers\\ClinicController.php:158\nStack trace:\n#0 C:\\OpenServer\\domains\\usbwebserver\\myproject\\core\\Dispatcher.php(15): Project\\Controllers\\ClinicController->manager(Array)\n#1 C:\\OpenServer\\domains\\usbwebserver\\myproject\\index.php(33): Core\\Dispatcher->getPage(Object(Core\\Track))\n#2 {main}\n  thrown in C:\\OpenServer\\domains\\usbwebserver\\myproject\\project\\controllers\\ClinicController.php on line 158, referer: http://localhost/clinic/clinic/
[Wed May 11 04:43:49.455169 2022] [php:warn] [pid 4972:tid 1220] [client ::1:56000] PHP Warning:  Undefined array key "user" in C:\\OpenServer\\domains\\usbwebserver\\myproject\\project\\controllers\\ClinicController.php on line 100, referer: http://localhost/clinic/clinic/
[Wed May 11 04:55:29.515145 2022] [php:warn] [pid 4972:tid 1220] [client ::1:56096] PHP Warning:  Undefined array key "user" in C:\\OpenServer\\domains\\usbwebserver\\myproject\\project\\controllers\\ClinicController.php on line 100, referer: http://localhost/clinic/clinic/
